<?xml version="1.0" encoding="UTF-8"?>
<!-- Generated by org.testng.reporters.JUnitXMLReporter -->
<testsuite ignored="0" hostname="Shaileshs-MacBook-Air.local" failures="0" tests="6" name="All Calculator Tests" time="181.321" errors="0" timestamp="2026-05-28T15:19:39 IST">
  <testcase classname="testcases.BasicOperationsTest" name="verifyAddition" time="13.801"/>
  <testcase classname="testcases.BasicOperationsTest" name="verifyDecimalCalculation" time="13.986"/>
  <testcase classname="testcases.BasicOperationsTest" name="verifyDivision" time="13.916"/>
  <testcase classname="testcases.BasicOperationsTest" name="verifyMultipleChainedOperations" time="7.048"/>
  <testcase classname="testcases.BasicOperationsTest" name="verifyMultiplication" time="13.841"/>
  <testcase classname="testcases.BasicOperationsTest" name="verifySubtraction" time="13.951"/>
</testsuite> <!-- All Calculator Tests -->
