<?xml version="1.0" encoding="UTF-8"?>
<!-- Generated by org.testng.reporters.JUnitXMLReporter -->
<testsuite ignored="8" hostname="Shaileshs-MacBook-Air.local" failures="0" tests="1" name="Default test" time="11.671" errors="0" timestamp="2026-05-29T12:44:33 IST">
  <testcase classname="testcases.BugScenarioTest" name="verifyPowerOperationPrecedence" time="1.004"/>
  <testcase classname="testcases.BugScenarioTest" name="verifyDivideByZero" time="0.0">
    <ignored/>
  </testcase> <!-- verifyDivideByZero -->
  <testcase classname="testcases.BugScenarioTest" name="verifyDivision" time="0.0">
    <ignored/>
  </testcase> <!-- verifyDivision -->
  <testcase classname="testcases.BugScenarioTest" name="verifyDivisionPrecedence" time="0.0">
    <ignored/>
  </testcase> <!-- verifyDivisionPrecedence -->
  <testcase classname="testcases.BugScenarioTest" name="verifyDigitTree" time="0.0">
    <ignored/>
  </testcase> <!-- verifyDigitTree -->
  <testcase classname="testcases.BugScenarioTest" name="verifyMixedOperations" time="0.0">
    <ignored/>
  </testcase> <!-- verifyMixedOperations -->
  <testcase classname="testcases.BugScenarioTest" name="verifyBracketPrecedence" time="0.0">
    <ignored/>
  </testcase> <!-- verifyBracketPrecedence -->
  <testcase classname="testcases.BugScenarioTest" name="verifySubtraction" time="0.0">
    <ignored/>
  </testcase> <!-- verifySubtraction -->
  <testcase classname="testcases.BugScenarioTest" name="verifyDivision1" time="0.0">
    <ignored/>
  </testcase> <!-- verifyDivision1 -->
</testsuite> <!-- Default test -->
