<?xml version="1.0" encoding="UTF-8"?>
<!-- Generated by org.testng.reporters.JUnitXMLReporter -->
<testsuite ignored="0" hostname="Shaileshs-MacBook-Air.local" failures="0" tests="5" name="Default test" time="54.912" errors="0" timestamp="2026-05-28T16:51:01 IST">
  <testcase classname="testcases.ScientificOperationsTest" name="verifyCosOperation" time="0.717"/>
  <testcase classname="testcases.ScientificOperationsTest" name="verifyMemoryStoreAndRecallqq" time="0.841"/>
  <testcase classname="testcases.ScientificOperationsTest" name="verifyPercentageOperation" time="0.764"/>
  <testcase classname="testcases.ScientificOperationsTest" name="verifySinOperation" time="0.792"/>
  <testcase classname="testcases.ScientificOperationsTest" name="verifySquareRootOperation" time="0.728"/>
</testsuite> <!-- Default test -->
