<?xml version="1.0" encoding="UTF-8"?>
<!-- Generated by org.testng.reporters.JUnitXMLReporter -->
<testsuite ignored="0" hostname="Shaileshs-MacBook-Air.local" failures="0" tests="2" name="All Calculator Tests" time="67.398" errors="0" timestamp="2026-05-28T19:59:11 IST">
  <testcase classname="testcases.BasicOperationsTest" name="verifyAddition" time="13.928"/>
  <testcase classname="testcases.BasicOperationsTest" name="verifySubtraction" time="13.904"/>
</testsuite> <!-- All Calculator Tests -->
