<?xml version="1.0" encoding="UTF-8"?>
<!-- Generated by org.testng.reporters.JUnitXMLReporter -->
<testsuite ignored="0" hostname="Shaileshs-MacBook-Air.local" failures="0" tests="2" name="All Calculator Tests" time="18.605" errors="0" timestamp="2026-05-28T20:13:39 IST">
  <testcase classname="testcases.BaseTest" name="@BeforeMethod setup" time="9.704">
    <failure type="java.lang.NullPointerException">
      <![CDATA[java.lang.NullPointerException
at java.base/java.util.Objects.requireNonNull(Objects.java:208)
at java.base/java.util.ImmutableCollections$Map1.<init>(ImmutableCollections.java:1105)
at java.base/java.util.Map.of(Map.java:1353)
at org.openqa.selenium.remote.DriverCommand.GET(DriverCommand.java:180)
at org.openqa.selenium.remote.RemoteWebDriver.get(RemoteWebDriver.java:300)
at factory.DriverFactory.initDriver(DriverFactory.java:32)
at testcases.BaseTest.setup(BaseTest.java:15)
at java.base/java.util.concurrent.Executors$RunnableAdapter.call(Executors.java:539)
at java.base/java.util.concurrent.FutureTask.run(FutureTask.java:264)
at java.base/java.util.concurrent.ThreadPoolExecutor.runWorker(ThreadPoolExecutor.java:1136)
at java.base/java.util.concurrent.ThreadPoolExecutor$Worker.run(ThreadPoolExecutor.java:635)
at java.base/java.lang.Thread.run(Thread.java:842)
... Removed 17 stack frames]]>
    </failure>
  </testcase> <!-- @BeforeMethod setup -->
  <testcase classname="testcases.BasicOperationsTest" name="@BeforeMethod initPage" time="0.0">
    <skipped/>
  </testcase> <!-- @BeforeMethod initPage -->
  <testcase classname="testcases.BaseTest" name="@BeforeMethod setup" time="8.582">
    <failure type="java.lang.NullPointerException">
      <![CDATA[java.lang.NullPointerException
at java.base/java.util.Objects.requireNonNull(Objects.java:208)
at java.base/java.util.ImmutableCollections$Map1.<init>(ImmutableCollections.java:1105)
at java.base/java.util.Map.of(Map.java:1353)
at org.openqa.selenium.remote.DriverCommand.GET(DriverCommand.java:180)
at org.openqa.selenium.remote.RemoteWebDriver.get(RemoteWebDriver.java:300)
at factory.DriverFactory.initDriver(DriverFactory.java:32)
at testcases.BaseTest.setup(BaseTest.java:15)
at java.base/java.util.concurrent.Executors$RunnableAdapter.call(Executors.java:539)
at java.base/java.util.concurrent.FutureTask.run(FutureTask.java:264)
at java.base/java.util.concurrent.ThreadPoolExecutor.runWorker(ThreadPoolExecutor.java:1136)
at java.base/java.util.concurrent.ThreadPoolExecutor$Worker.run(ThreadPoolExecutor.java:635)
at java.base/java.lang.Thread.run(Thread.java:842)
... Removed 17 stack frames]]>
    </failure>
  </testcase> <!-- @BeforeMethod setup -->
  <testcase classname="testcases.BasicOperationsTest" name="@BeforeMethod initPage" time="0.0">
    <skipped/>
  </testcase> <!-- @BeforeMethod initPage -->
  <testcase classname="testcases.BasicOperationsTest" name="verifyAddition" time="0.0">
    <skipped/>
  </testcase> <!-- verifyAddition -->
  <testcase classname="testcases.BasicOperationsTest" name="verifySubtraction" time="0.0">
    <skipped/>
  </testcase> <!-- verifySubtraction -->
</testsuite> <!-- All Calculator Tests -->
