<?xml version="1.0" encoding="UTF-8"?>
<!-- Generated by org.testng.reporters.JUnitXMLReporter -->
<testsuite ignored="2" hostname="Shaileshs-MacBook-Air.local" failures="0" tests="0" name="Sanity Tests" time="0.02" errors="0" timestamp="2026-05-28T19:40:17 IST">
  <testcase classname="testcases.BasicOperationsTest" name="verifySubtraction" time="0.0">
    <ignored/>
  </testcase> <!-- verifySubtraction -->
  <testcase classname="testcases.BoundaryValueTest" name="verifyLargeNumberCalculation" time="0.0">
    <ignored/>
  </testcase> <!-- verifyLargeNumberCalculation -->
</testsuite> <!-- Sanity Tests -->
