<?xml version="1.0" encoding="UTF-8"?>
<!-- Generated by org.testng.reporters.JUnitXMLReporter -->
<testsuite ignored="5" hostname="Shaileshs-MacBook-Air.local" failures="0" tests="1" name="Default test" time="33.748" errors="0" timestamp="2026-05-28T14:51:03 IST">
  <testcase classname="testcases.BasicOperationsTest" name="verifySubtraction" time="13.918"/>
  <testcase classname="testcases.BasicOperationsTest" name="verifyMultiplication" time="0.0">
    <ignored/>
  </testcase> <!-- verifyMultiplication -->
  <testcase classname="testcases.BasicOperationsTest" name="verifyDecimalCalculation" time="0.0">
    <ignored/>
  </testcase> <!-- verifyDecimalCalculation -->
  <testcase classname="testcases.BasicOperationsTest" name="verifyMultipleChainedOperations" time="0.0">
    <ignored/>
  </testcase> <!-- verifyMultipleChainedOperations -->
  <testcase classname="testcases.BasicOperationsTest" name="verifyDivision" time="0.0">
    <ignored/>
  </testcase> <!-- verifyDivision -->
  <testcase classname="testcases.BasicOperationsTest" name="verifyAddition" time="0.0">
    <ignored/>
  </testcase> <!-- verifyAddition -->
</testsuite> <!-- Default test -->
