<?xml version="1.0" encoding="UTF-8"?>
<!-- Generated by org.testng.reporters.JUnitXMLReporter -->
<testsuite ignored="12" hostname="Shaileshs-MacBook-Air.local" failures="5" tests="5" name="Regression Tests" time="42.808" errors="0" timestamp="2026-05-28T19:52:16 IST">
  <testcase classname="testcases.BoundaryValueTest" name="verifyConsecutiveDecimalPoints" time="0.008">
    <failure type="java.lang.NullPointerException" message="Cannot invoke &amp;quot;pages.CalculatorPage.enterNumber(String)&amp;quot; because &amp;quot;this.calculator&amp;quot; is null">
      <![CDATA[java.lang.NullPointerException: Cannot invoke "pages.CalculatorPage.enterNumber(String)" because "this.calculator" is null
at testcases.BoundaryValueTest.verifyConsecutiveDecimalPoints(BoundaryValueTest.java:55)
at java.base/java.util.ArrayList.forEach(ArrayList.java:1511)
... Removed 27 stack frames]]>
    </failure>
  </testcase> <!-- verifyConsecutiveDecimalPoints -->
  <testcase classname="testcases.BoundaryValueTest" name="verifyFloatingPointPrecision" time="0.002">
    <failure type="java.lang.NullPointerException" message="Cannot invoke &amp;quot;pages.CalculatorPage.performCalculation(String, String, String)&amp;quot; because &amp;quot;this.calculator&amp;quot; is null">
      <![CDATA[java.lang.NullPointerException: Cannot invoke "pages.CalculatorPage.performCalculation(String, String, String)" because "this.calculator" is null
at testcases.BoundaryValueTest.verifyFloatingPointPrecision(BoundaryValueTest.java:35)
at java.base/java.util.ArrayList.forEach(ArrayList.java:1511)
... Removed 27 stack frames]]>
    </failure>
  </testcase> <!-- verifyFloatingPointPrecision -->
  <testcase classname="testcases.BoundaryValueTest" name="verifyLargeNumberCalculation" time="0.002">
    <failure type="java.lang.NullPointerException" message="Cannot invoke &amp;quot;pages.CalculatorPage.performCalculation(String, String, String)&amp;quot; because &amp;quot;this.calculator&amp;quot; is null">
      <![CDATA[java.lang.NullPointerException: Cannot invoke "pages.CalculatorPage.performCalculation(String, String, String)" because "this.calculator" is null
at testcases.BoundaryValueTest.verifyLargeNumberCalculation(BoundaryValueTest.java:20)
at java.base/java.util.ArrayList.forEach(ArrayList.java:1511)
... Removed 27 stack frames]]>
    </failure>
  </testcase> <!-- verifyLargeNumberCalculation -->
  <testcase classname="testcases.BasicOperationsTest" name="verifyAddition" time="0.002">
    <failure type="java.lang.NullPointerException" message="Cannot invoke &amp;quot;pages.CalculatorPage.performCalculation(String, String, String)&amp;quot; because &amp;quot;this.calculator&amp;quot; is null">
      <![CDATA[java.lang.NullPointerException: Cannot invoke "pages.CalculatorPage.performCalculation(String, String, String)" because "this.calculator" is null
at testcases.BasicOperationsTest.verifyAddition(BasicOperationsTest.java:21)
at java.base/java.util.ArrayList.forEach(ArrayList.java:1511)
... Removed 27 stack frames]]>
    </failure>
  </testcase> <!-- verifyAddition -->
  <testcase classname="testcases.BasicOperationsTest" name="verifySubtraction" time="0.003">
    <failure type="java.lang.NullPointerException" message="Cannot invoke &amp;quot;pages.CalculatorPage.performCalculation(String, String, String)&amp;quot; because &amp;quot;this.calculator&amp;quot; is null">
      <![CDATA[java.lang.NullPointerException: Cannot invoke "pages.CalculatorPage.performCalculation(String, String, String)" because "this.calculator" is null
at testcases.BasicOperationsTest.verifySubtraction(BasicOperationsTest.java:29)
at java.base/java.util.ArrayList.forEach(ArrayList.java:1511)
... Removed 27 stack frames]]>
    </failure>
  </testcase> <!-- verifySubtraction -->
  <testcase classname="testcases.ScientificOperationsTest" name="verifySinOperation" time="0.0">
    <ignored/>
  </testcase> <!-- verifySinOperation -->
  <testcase classname="testcases.ScientificOperationsTest" name="verifyCosOperation" time="0.0">
    <ignored/>
  </testcase> <!-- verifyCosOperation -->
  <testcase classname="testcases.BoundaryValueTest" name="verifyRapidButtonClickingOnNoOperator" time="0.0">
    <ignored/>
  </testcase> <!-- verifyRapidButtonClickingOnNoOperator -->
  <testcase classname="testcases.NegativeScenariosTest" name="verifyDivideByZero" time="0.0">
    <ignored/>
  </testcase> <!-- verifyDivideByZero -->
  <testcase classname="testcases.ScientificOperationsTest" name="verifySquareRootOperation" time="0.0">
    <ignored/>
  </testcase> <!-- verifySquareRootOperation -->
  <testcase classname="testcases.ScientificOperationsTest" name="verifyPercentageOperation" time="0.0">
    <ignored/>
  </testcase> <!-- verifyPercentageOperation -->
  <testcase classname="testcases.NegativeScenariosTest" name="verifyRepeatedOperators" time="0.0">
    <ignored/>
  </testcase> <!-- verifyRepeatedOperators -->
  <testcase classname="testcases.BoundaryValueTest" name="verifyRapidButtonClickingOnNonNumber" time="0.0">
    <ignored/>
  </testcase> <!-- verifyRapidButtonClickingOnNonNumber -->
  <testcase classname="testcases.NegativeScenariosTest" name="verifyInvalidInput" time="0.0">
    <ignored/>
  </testcase> <!-- verifyInvalidInput -->
  <testcase classname="testcases.BoundaryValueTest" name="verifyRapidButtonClickingOnNumber" time="0.0">
    <ignored/>
  </testcase> <!-- verifyRapidButtonClickingOnNumber -->
  <testcase classname="testcases.ScientificOperationsTest" name="verifyMemoryStoreAndRecallqq" time="0.0">
    <ignored/>
  </testcase> <!-- verifyMemoryStoreAndRecallqq -->
  <testcase classname="testcases.NegativeScenariosTest" name="verifyEmptyCalculation" time="0.0">
    <ignored/>
  </testcase> <!-- verifyEmptyCalculation -->
</testsuite> <!-- Regression Tests -->
