<?xml version="1.0" encoding="UTF-8"?>
<!-- Generated by org.testng.reporters.JUnitReportReporter -->
<testsuite hostname="Shaileshs-MacBook-Air.local" failures="0" tests="6" name="testcases.BasicOperationsTest" time="181.249" errors="0" timestamp="2026-05-28T15:19:39 IST" skipped="0">
  <testcase classname="testcases.BasicOperationsTest" name="verifyDivision" time="33.470"/>
  <testcase classname="testcases.BasicOperationsTest" name="verifyMultipleChainedOperations" time="27.144"/>
  <testcase classname="testcases.BasicOperationsTest" name="verifySubtraction" time="33.219"/>
  <testcase classname="testcases.BasicOperationsTest" name="verifyDecimalCalculation" time="22.434"/>
  <testcase classname="testcases.BasicOperationsTest" name="verifyAddition" time="32.195"/>
  <testcase classname="testcases.BasicOperationsTest" name="verifyMultiplication" time="32.787"/>
</testsuite> <!-- testcases.BasicOperationsTest -->
