<?xml version="1.0" encoding="UTF-8"?>
<!-- Generated by org.testng.reporters.JUnitReportReporter -->
<testsuite hostname="Shaileshs-MacBook-Air.local" failures="0" tests="6" name="testcases.BasicOperationsTest" time="77.562" errors="0" timestamp="2026-05-28T15:29:29 IST" skipped="0">
  <testcase classname="testcases.BasicOperationsTest" name="verifySubtraction" time="14.009"/>
  <testcase classname="testcases.BasicOperationsTest" name="verifyDecimalCalculation" time="14.144"/>
  <testcase classname="testcases.BasicOperationsTest" name="verifyMultiplication" time="14.107"/>
  <testcase classname="testcases.BasicOperationsTest" name="verifyAddition" time="14.053"/>
  <testcase classname="testcases.BasicOperationsTest" name="verifyDivision" time="14.126"/>
  <testcase classname="testcases.BasicOperationsTest" name="verifyMultipleChainedOperations" time="7.123"/>
</testsuite> <!-- testcases.BasicOperationsTest -->
