<?xml version="1.0" encoding="UTF-8"?>
<testng-results ignored="0" total="6" passed="6" failed="0" skipped="0">
  <reporter-output>
  </reporter-output>
  <suite started-at="2026-05-28T15:16:33 IST" name="Scientific Calculator Regression Suite" finished-at="2026-05-28T15:19:34 IST" duration-ms="181321">
    <groups>
    </groups>
    <test started-at="2026-05-28T15:16:33 IST" name="All Calculator Tests" finished-at="2026-05-28T15:19:34 IST" duration-ms="181321">
      <class name="testcases.BasicOperationsTest">
        <test-method is-config="true" signature="setup()[pri:0, instance:testcases.BasicOperationsTest@323b36e0]" started-at="2026-05-28T15:16:33 IST" name="setup" finished-at="2026-05-28T15:16:43 IST" duration-ms="9971" status="PASS">
          <reporter-output>
          </reporter-output>
        </test-method> <!-- setup -->
        <test-method is-config="true" signature="initPage()[pri:0, instance:testcases.BasicOperationsTest@323b36e0]" started-at="2026-05-28T15:16:43 IST" name="initPage" finished-at="2026-05-28T15:16:43 IST" duration-ms="1" status="PASS">
          <reporter-output>
          </reporter-output>
        </test-method> <!-- initPage -->
        <test-method signature="verifyAddition()[pri:0, instance:testcases.BasicOperationsTest@323b36e0]" started-at="2026-05-28T15:16:43 IST" name="verifyAddition" finished-at="2026-05-28T15:16:57 IST" duration-ms="13801" status="PASS">
          <reporter-output>
          </reporter-output>
        </test-method> <!-- verifyAddition -->
        <test-method is-config="true" signature="tearDown()[pri:0, instance:testcases.BasicOperationsTest@323b36e0]" started-at="2026-05-28T15:16:57 IST" name="tearDown" finished-at="2026-05-28T15:17:07 IST" duration-ms="10135" status="PASS">
          <reporter-output>
          </reporter-output>
        </test-method> <!-- tearDown -->
        <test-method is-config="true" signature="setup()[pri:0, instance:testcases.BasicOperationsTest@323b36e0]" started-at="2026-05-28T15:17:07 IST" name="setup" finished-at="2026-05-28T15:17:15 IST" duration-ms="8273" status="PASS">
          <reporter-output>
          </reporter-output>
        </test-method> <!-- setup -->
        <test-method is-config="true" signature="initPage()[pri:0, instance:testcases.BasicOperationsTest@323b36e0]" started-at="2026-05-28T15:17:15 IST" name="initPage" finished-at="2026-05-28T15:17:15 IST" duration-ms="1" status="PASS">
          <reporter-output>
          </reporter-output>
        </test-method> <!-- initPage -->
        <test-method signature="verifyDecimalCalculation()[pri:0, instance:testcases.BasicOperationsTest@323b36e0]" started-at="2026-05-28T15:17:15 IST" name="verifyDecimalCalculation" finished-at="2026-05-28T15:17:29 IST" duration-ms="13986" status="PASS">
          <reporter-output>
          </reporter-output>
        </test-method> <!-- verifyDecimalCalculation -->
        <test-method is-config="true" signature="tearDown()[pri:0, instance:testcases.BasicOperationsTest@323b36e0]" started-at="2026-05-28T15:17:29 IST" name="tearDown" finished-at="2026-05-28T15:17:39 IST" duration-ms="10124" status="PASS">
          <reporter-output>
          </reporter-output>
        </test-method> <!-- tearDown -->
        <test-method is-config="true" signature="setup()[pri:0, instance:testcases.BasicOperationsTest@323b36e0]" started-at="2026-05-28T15:17:39 IST" name="setup" finished-at="2026-05-28T15:17:48 IST" duration-ms="8346" status="PASS">
          <reporter-output>
          </reporter-output>
        </test-method> <!-- setup -->
        <test-method signature="verifyDivision()[pri:0, instance:testcases.BasicOperationsTest@323b36e0]" started-at="2026-05-28T15:17:48 IST" name="verifyDivision" finished-at="2026-05-28T15:18:01 IST" duration-ms="13916" status="PASS">
          <reporter-output>
          </reporter-output>
        </test-method> <!-- verifyDivision -->
        <test-method is-config="true" signature="initPage()[pri:0, instance:testcases.BasicOperationsTest@323b36e0]" started-at="2026-05-28T15:17:48 IST" name="initPage" finished-at="2026-05-28T15:17:48 IST" duration-ms="0" status="PASS">
          <reporter-output>
          </reporter-output>
        </test-method> <!-- initPage -->
        <test-method is-config="true" signature="tearDown()[pri:0, instance:testcases.BasicOperationsTest@323b36e0]" started-at="2026-05-28T15:18:01 IST" name="tearDown" finished-at="2026-05-28T15:18:12 IST" duration-ms="10125" status="PASS">
          <reporter-output>
          </reporter-output>
        </test-method> <!-- tearDown -->
        <test-method is-config="true" signature="setup()[pri:0, instance:testcases.BasicOperationsTest@323b36e0]" started-at="2026-05-28T15:18:12 IST" name="setup" finished-at="2026-05-28T15:18:21 IST" duration-ms="9142" status="PASS">
          <reporter-output>
          </reporter-output>
        </test-method> <!-- setup -->
        <test-method is-config="true" signature="initPage()[pri:0, instance:testcases.BasicOperationsTest@323b36e0]" started-at="2026-05-28T15:18:21 IST" name="initPage" finished-at="2026-05-28T15:18:21 IST" duration-ms="1" status="PASS">
          <reporter-output>
          </reporter-output>
        </test-method> <!-- initPage -->
        <test-method signature="verifyMultipleChainedOperations()[pri:0, instance:testcases.BasicOperationsTest@323b36e0]" started-at="2026-05-28T15:18:21 IST" name="verifyMultipleChainedOperations" finished-at="2026-05-28T15:18:28 IST" duration-ms="7048" status="PASS">
          <reporter-output>
          </reporter-output>
        </test-method> <!-- verifyMultipleChainedOperations -->
        <test-method is-config="true" signature="tearDown()[pri:0, instance:testcases.BasicOperationsTest@323b36e0]" started-at="2026-05-28T15:18:28 IST" name="tearDown" finished-at="2026-05-28T15:18:28 IST" duration-ms="102" status="PASS">
          <reporter-output>
          </reporter-output>
        </test-method> <!-- tearDown -->
        <test-method is-config="true" signature="setup()[pri:0, instance:testcases.BasicOperationsTest@323b36e0]" started-at="2026-05-28T15:18:28 IST" name="setup" finished-at="2026-05-28T15:18:37 IST" duration-ms="9418" status="PASS">
          <reporter-output>
          </reporter-output>
        </test-method> <!-- setup -->
        <test-method signature="verifyMultiplication()[pri:0, instance:testcases.BasicOperationsTest@323b36e0]" started-at="2026-05-28T15:18:37 IST" name="verifyMultiplication" finished-at="2026-05-28T15:18:51 IST" duration-ms="13841" status="PASS">
          <reporter-output>
          </reporter-output>
        </test-method> <!-- verifyMultiplication -->
        <test-method is-config="true" signature="initPage()[pri:0, instance:testcases.BasicOperationsTest@323b36e0]" started-at="2026-05-28T15:18:37 IST" name="initPage" finished-at="2026-05-28T15:18:37 IST" duration-ms="0" status="PASS">
          <reporter-output>
          </reporter-output>
        </test-method> <!-- initPage -->
        <test-method is-config="true" signature="tearDown()[pri:0, instance:testcases.BasicOperationsTest@323b36e0]" started-at="2026-05-28T15:18:51 IST" name="tearDown" finished-at="2026-05-28T15:19:01 IST" duration-ms="10121" status="PASS">
          <reporter-output>
          </reporter-output>
        </test-method> <!-- tearDown -->
        <test-method is-config="true" signature="setup()[pri:0, instance:testcases.BasicOperationsTest@323b36e0]" started-at="2026-05-28T15:19:01 IST" name="setup" finished-at="2026-05-28T15:19:10 IST" duration-ms="8818" status="PASS">
          <reporter-output>
          </reporter-output>
        </test-method> <!-- setup -->
        <test-method is-config="true" signature="initPage()[pri:0, instance:testcases.BasicOperationsTest@323b36e0]" started-at="2026-05-28T15:19:10 IST" name="initPage" finished-at="2026-05-28T15:19:10 IST" duration-ms="1" status="PASS">
          <reporter-output>
          </reporter-output>
        </test-method> <!-- initPage -->
        <test-method signature="verifySubtraction()[pri:0, instance:testcases.BasicOperationsTest@323b36e0]" started-at="2026-05-28T15:19:10 IST" name="verifySubtraction" finished-at="2026-05-28T15:19:24 IST" duration-ms="13951" status="PASS">
          <reporter-output>
          </reporter-output>
        </test-method> <!-- verifySubtraction -->
        <test-method is-config="true" signature="tearDown()[pri:0, instance:testcases.BasicOperationsTest@323b36e0]" started-at="2026-05-28T15:19:24 IST" name="tearDown" finished-at="2026-05-28T15:19:34 IST" duration-ms="10127" status="PASS">
          <reporter-output>
          </reporter-output>
        </test-method> <!-- tearDown -->
      </class> <!-- testcases.BasicOperationsTest -->
    </test> <!-- All Calculator Tests -->
  </suite> <!-- Scientific Calculator Regression Suite -->
</testng-results>
