<?xml version="1.0" encoding="UTF-8"?>
<testng-results ignored="0" total="19" passed="9" failed="10" skipped="0">
  <reporter-output>
  </reporter-output>
  <suite started-at="2026-05-28T15:26:32 IST" name="Surefire suite" finished-at="2026-05-28T15:29:24 IST" duration-ms="171834">
    <groups>
    </groups>
    <test started-at="2026-05-28T15:26:32 IST" name="Surefire test" finished-at="2026-05-28T15:29:24 IST" duration-ms="171834">
      <class name="testcases.ScientificOperationsTest">
        <test-method is-config="true" signature="setup()[pri:0, instance:testcases.ScientificOperationsTest@78b729e6]" started-at="2026-05-28T15:28:49 IST" name="setup" finished-at="2026-05-28T15:28:50 IST" duration-ms="797" status="PASS">
          <reporter-output>
          </reporter-output>
        </test-method> <!-- setup -->
        <test-method signature="verifyMemoryStoreAndRecall()[pri:0, instance:testcases.ScientificOperationsTest@78b729e6]" started-at="2026-05-28T15:28:50 IST" name="verifyMemoryStoreAndRecall" finished-at="2026-05-28T15:29:00 IST" duration-ms="10093" status="FAIL">
          <exception class="org.openqa.selenium.NoSuchElementException">
            <message>
              <![CDATA[no such element: Unable to locate element: {"method":"xpath","selector":"//button[normalize-space()='MS']"}
  (Session info: chrome=148.0.7778.215)
For documentation on this error, please visit: https://www.selenium.dev/documentation/webdriver/troubleshooting/errors#no-such-element-exception
Build info: version: '4.22.0', revision: 'c5f3146703*'
System info: os.name: 'Mac OS X', os.arch: 'aarch64', os.version: '26.5', java.version: '17.0.14'
Driver info: org.openqa.selenium.chrome.ChromeDriver
Command: [c7fcd8c6df2d105947b1d347c450567b, findElement {using=xpath, value=//button[normalize-space()='MS']}]
Capabilities {acceptInsecureCerts: false, browserName: chrome, browserVersion: 148.0.7778.215, chrome: {chromedriverVersion: 148.0.7778.178 (d096af1c9e9..., userDataDir: /var/folders/1t/x2ksck2j26j...}, fedcm:accounts: true, goog:chromeOptions: {debuggerAddress: localhost:62386}, goog:processID: 24108, networkConnectionEnabled: false, pageLoadStrategy: normal, platformName: mac, proxy: Proxy(), se:cdp: ws://localhost:62386/devtoo..., se:cdpVersion: 148.0.7778.215, setWindowRect: true, strictFileInteractability: false, timeouts: {implicit: 0, pageLoad: 300000, script: 30000}, unhandledPromptBehavior: dismiss and notify, webauthn:extension:credBlob: true, webauthn:extension:largeBlob: true, webauthn:extension:minPinLength: true, webauthn:extension:prf: true, webauthn:virtualAuthenticators: true}
Session ID: c7fcd8c6df2d105947b1d347c450567b]]>
            </message>
            <full-stacktrace>
              <![CDATA[org.openqa.selenium.NoSuchElementException: no such element: Unable to locate element: {"method":"xpath","selector":"//button[normalize-space()='MS']"}
  (Session info: chrome=148.0.7778.215)
For documentation on this error, please visit: https://www.selenium.dev/documentation/webdriver/troubleshooting/errors#no-such-element-exception
Build info: version: '4.22.0', revision: 'c5f3146703*'
System info: os.name: 'Mac OS X', os.arch: 'aarch64', os.version: '26.5', java.version: '17.0.14'
Driver info: org.openqa.selenium.chrome.ChromeDriver
Command: [c7fcd8c6df2d105947b1d347c450567b, findElement {using=xpath, value=//button[normalize-space()='MS']}]
Capabilities {acceptInsecureCerts: false, browserName: chrome, browserVersion: 148.0.7778.215, chrome: {chromedriverVersion: 148.0.7778.178 (d096af1c9e9..., userDataDir: /var/folders/1t/x2ksck2j26j...}, fedcm:accounts: true, goog:chromeOptions: {debuggerAddress: localhost:62386}, goog:processID: 24108, networkConnectionEnabled: false, pageLoadStrategy: normal, platformName: mac, proxy: Proxy(), se:cdp: ws://localhost:62386/devtoo..., se:cdpVersion: 148.0.7778.215, setWindowRect: true, strictFileInteractability: false, timeouts: {implicit: 0, pageLoad: 300000, script: 30000}, unhandledPromptBehavior: dismiss and notify, webauthn:extension:credBlob: true, webauthn:extension:largeBlob: true, webauthn:extension:minPinLength: true, webauthn:extension:prf: true, webauthn:virtualAuthenticators: true}
Session ID: c7fcd8c6df2d105947b1d347c450567b
at java.base/jdk.internal.reflect.NativeConstructorAccessorImpl.newInstance0(Native Method)
at java.base/jdk.internal.reflect.NativeConstructorAccessorImpl.newInstance(NativeConstructorAccessorImpl.java:77)
at java.base/jdk.internal.reflect.DelegatingConstructorAccessorImpl.newInstance(DelegatingConstructorAccessorImpl.java:45)
at java.base/java.lang.reflect.Constructor.newInstanceWithCaller(Constructor.java:499)
at java.base/java.lang.reflect.Constructor.newInstance(Constructor.java:480)
at org.openqa.selenium.remote.ErrorCodec.decode(ErrorCodec.java:167)
at org.openqa.selenium.remote.codec.w3c.W3CHttpResponseCodec.decode(W3CHttpResponseCodec.java:138)
at org.openqa.selenium.remote.codec.w3c.W3CHttpResponseCodec.decode(W3CHttpResponseCodec.java:50)
at org.openqa.selenium.remote.HttpCommandExecutor.execute(HttpCommandExecutor.java:190)
at org.openqa.selenium.remote.service.DriverCommandExecutor.invokeExecute(DriverCommandExecutor.java:216)
at org.openqa.selenium.remote.service.DriverCommandExecutor.execute(DriverCommandExecutor.java:174)
at org.openqa.selenium.remote.RemoteWebDriver.execute(RemoteWebDriver.java:518)
at org.openqa.selenium.remote.ElementLocation$ElementFinder$2.findElement(ElementLocation.java:165)
at org.openqa.selenium.remote.ElementLocation.findElement(ElementLocation.java:59)
at org.openqa.selenium.remote.RemoteWebDriver.findElement(RemoteWebDriver.java:355)
at org.openqa.selenium.remote.RemoteWebDriver.findElement(RemoteWebDriver.java:349)
at pages.CalculatorPage.clickButton(CalculatorPage.java:16)
at testcases.ScientificOperationsTest.verifyMemoryStoreAndRecall(ScientificOperationsTest.java:87)
at java.base/jdk.internal.reflect.NativeMethodAccessorImpl.invoke0(Native Method)
at java.base/jdk.internal.reflect.NativeMethodAccessorImpl.invoke(NativeMethodAccessorImpl.java:77)
at java.base/jdk.internal.reflect.DelegatingMethodAccessorImpl.invoke(DelegatingMethodAccessorImpl.java:43)
at java.base/java.lang.reflect.Method.invoke(Method.java:568)
at org.testng.internal.invokers.MethodInvocationHelper.invokeMethod(MethodInvocationHelper.java:141)
at org.testng.internal.invokers.TestInvoker.invokeMethod(TestInvoker.java:686)
at org.testng.internal.invokers.TestInvoker.invokeTestMethod(TestInvoker.java:230)
at org.testng.internal.invokers.MethodRunner.runInSequence(MethodRunner.java:63)
at org.testng.internal.invokers.TestInvoker$MethodInvocationAgent.invoke(TestInvoker.java:992)
at org.testng.internal.invokers.TestInvoker.invokeTestMethods(TestInvoker.java:203)
at org.testng.internal.invokers.TestMethodWorker.invokeTestMethods(TestMethodWorker.java:154)
at org.testng.internal.invokers.TestMethodWorker.run(TestMethodWorker.java:134)
at java.base/java.util.ArrayList.forEach(ArrayList.java:1511)
at org.testng.TestRunner.privateRun(TestRunner.java:739)
at org.testng.TestRunner.run(TestRunner.java:614)
at org.testng.SuiteRunner.runTest(SuiteRunner.java:421)
at org.testng.SuiteRunner.runSequentially(SuiteRunner.java:413)
at org.testng.SuiteRunner.privateRun(SuiteRunner.java:373)
at org.testng.SuiteRunner.run(SuiteRunner.java:312)
at org.testng.SuiteRunnerWorker.runSuite(SuiteRunnerWorker.java:52)
at org.testng.SuiteRunnerWorker.run(SuiteRunnerWorker.java:95)
at org.testng.TestNG.runSuitesSequentially(TestNG.java:1274)
at org.testng.TestNG.runSuitesLocally(TestNG.java:1208)
at org.testng.TestNG.runSuites(TestNG.java:1112)
at org.testng.TestNG.run(TestNG.java:1079)
at org.apache.maven.surefire.testng.TestNGExecutor.run(TestNGExecutor.java:155)
at org.apache.maven.surefire.testng.TestNGDirectoryTestSuite.executeMulti(TestNGDirectoryTestSuite.java:169)
at org.apache.maven.surefire.testng.TestNGDirectoryTestSuite.execute(TestNGDirectoryTestSuite.java:88)
at org.apache.maven.surefire.testng.TestNGProvider.invoke(TestNGProvider.java:137)
at org.apache.maven.surefire.booter.ForkedBooter.runSuitesInProcess(ForkedBooter.java:385)
at org.apache.maven.surefire.booter.ForkedBooter.execute(ForkedBooter.java:162)
at org.apache.maven.surefire.booter.ForkedBooter.run(ForkedBooter.java:507)
at org.apache.maven.surefire.booter.ForkedBooter.main(ForkedBooter.java:495)
]]>
            </full-stacktrace>
          </exception> <!-- org.openqa.selenium.NoSuchElementException -->
          <reporter-output>
          </reporter-output>
        </test-method> <!-- verifyMemoryStoreAndRecall -->
        <test-method is-config="true" signature="initPage()[pri:0, instance:testcases.ScientificOperationsTest@78b729e6]" started-at="2026-05-28T15:28:50 IST" name="initPage" finished-at="2026-05-28T15:28:50 IST" duration-ms="0" status="PASS">
          <reporter-output>
          </reporter-output>
        </test-method> <!-- initPage -->
        <test-method is-config="true" signature="tearDown()[pri:0, instance:testcases.ScientificOperationsTest@78b729e6]" started-at="2026-05-28T15:29:00 IST" name="tearDown" finished-at="2026-05-28T15:29:00 IST" duration-ms="93" status="PASS">
          <reporter-output>
          </reporter-output>
        </test-method> <!-- tearDown -->
        <test-method is-config="true" signature="setup()[pri:0, instance:testcases.ScientificOperationsTest@78b729e6]" started-at="2026-05-28T15:29:00 IST" name="setup" finished-at="2026-05-28T15:29:01 IST" duration-ms="740" status="PASS">
          <reporter-output>
          </reporter-output>
        </test-method> <!-- setup -->
        <test-method signature="verifyPercentageOperation()[pri:0, instance:testcases.ScientificOperationsTest@78b729e6]" started-at="2026-05-28T15:29:01 IST" name="verifyPercentageOperation" finished-at="2026-05-28T15:29:11 IST" duration-ms="10095" status="FAIL">
          <exception class="org.openqa.selenium.NoSuchElementException">
            <message>
              <![CDATA[no such element: Unable to locate element: {"method":"xpath","selector":"//button[normalize-space()='%']"}
  (Session info: chrome=148.0.7778.215)
For documentation on this error, please visit: https://www.selenium.dev/documentation/webdriver/troubleshooting/errors#no-such-element-exception
Build info: version: '4.22.0', revision: 'c5f3146703*'
System info: os.name: 'Mac OS X', os.arch: 'aarch64', os.version: '26.5', java.version: '17.0.14'
Driver info: org.openqa.selenium.chrome.ChromeDriver
Command: [454a141d954d0a1349441a17d1a69dad, findElement {using=xpath, value=//button[normalize-space()='%']}]
Capabilities {acceptInsecureCerts: false, browserName: chrome, browserVersion: 148.0.7778.215, chrome: {chromedriverVersion: 148.0.7778.178 (d096af1c9e9..., userDataDir: /var/folders/1t/x2ksck2j26j...}, fedcm:accounts: true, goog:chromeOptions: {debuggerAddress: localhost:62454}, goog:processID: 24122, networkConnectionEnabled: false, pageLoadStrategy: normal, platformName: mac, proxy: Proxy(), se:cdp: ws://localhost:62454/devtoo..., se:cdpVersion: 148.0.7778.215, setWindowRect: true, strictFileInteractability: false, timeouts: {implicit: 0, pageLoad: 300000, script: 30000}, unhandledPromptBehavior: dismiss and notify, webauthn:extension:credBlob: true, webauthn:extension:largeBlob: true, webauthn:extension:minPinLength: true, webauthn:extension:prf: true, webauthn:virtualAuthenticators: true}
Session ID: 454a141d954d0a1349441a17d1a69dad]]>
            </message>
            <full-stacktrace>
              <![CDATA[org.openqa.selenium.NoSuchElementException: no such element: Unable to locate element: {"method":"xpath","selector":"//button[normalize-space()='%']"}
  (Session info: chrome=148.0.7778.215)
For documentation on this error, please visit: https://www.selenium.dev/documentation/webdriver/troubleshooting/errors#no-such-element-exception
Build info: version: '4.22.0', revision: 'c5f3146703*'
System info: os.name: 'Mac OS X', os.arch: 'aarch64', os.version: '26.5', java.version: '17.0.14'
Driver info: org.openqa.selenium.chrome.ChromeDriver
Command: [454a141d954d0a1349441a17d1a69dad, findElement {using=xpath, value=//button[normalize-space()='%']}]
Capabilities {acceptInsecureCerts: false, browserName: chrome, browserVersion: 148.0.7778.215, chrome: {chromedriverVersion: 148.0.7778.178 (d096af1c9e9..., userDataDir: /var/folders/1t/x2ksck2j26j...}, fedcm:accounts: true, goog:chromeOptions: {debuggerAddress: localhost:62454}, goog:processID: 24122, networkConnectionEnabled: false, pageLoadStrategy: normal, platformName: mac, proxy: Proxy(), se:cdp: ws://localhost:62454/devtoo..., se:cdpVersion: 148.0.7778.215, setWindowRect: true, strictFileInteractability: false, timeouts: {implicit: 0, pageLoad: 300000, script: 30000}, unhandledPromptBehavior: dismiss and notify, webauthn:extension:credBlob: true, webauthn:extension:largeBlob: true, webauthn:extension:minPinLength: true, webauthn:extension:prf: true, webauthn:virtualAuthenticators: true}
Session ID: 454a141d954d0a1349441a17d1a69dad
at java.base/jdk.internal.reflect.NativeConstructorAccessorImpl.newInstance0(Native Method)
at java.base/jdk.internal.reflect.NativeConstructorAccessorImpl.newInstance(NativeConstructorAccessorImpl.java:77)
at java.base/jdk.internal.reflect.DelegatingConstructorAccessorImpl.newInstance(DelegatingConstructorAccessorImpl.java:45)
at java.base/java.lang.reflect.Constructor.newInstanceWithCaller(Constructor.java:499)
at java.base/java.lang.reflect.Constructor.newInstance(Constructor.java:480)
at org.openqa.selenium.remote.ErrorCodec.decode(ErrorCodec.java:167)
at org.openqa.selenium.remote.codec.w3c.W3CHttpResponseCodec.decode(W3CHttpResponseCodec.java:138)
at org.openqa.selenium.remote.codec.w3c.W3CHttpResponseCodec.decode(W3CHttpResponseCodec.java:50)
at org.openqa.selenium.remote.HttpCommandExecutor.execute(HttpCommandExecutor.java:190)
at org.openqa.selenium.remote.service.DriverCommandExecutor.invokeExecute(DriverCommandExecutor.java:216)
at org.openqa.selenium.remote.service.DriverCommandExecutor.execute(DriverCommandExecutor.java:174)
at org.openqa.selenium.remote.RemoteWebDriver.execute(RemoteWebDriver.java:518)
at org.openqa.selenium.remote.ElementLocation$ElementFinder$2.findElement(ElementLocation.java:165)
at org.openqa.selenium.remote.ElementLocation.findElement(ElementLocation.java:59)
at org.openqa.selenium.remote.RemoteWebDriver.findElement(RemoteWebDriver.java:355)
at org.openqa.selenium.remote.RemoteWebDriver.findElement(RemoteWebDriver.java:349)
at pages.CalculatorPage.clickButton(CalculatorPage.java:16)
at testcases.ScientificOperationsTest.verifyPercentageOperation(ScientificOperationsTest.java:37)
at java.base/jdk.internal.reflect.NativeMethodAccessorImpl.invoke0(Native Method)
at java.base/jdk.internal.reflect.NativeMethodAccessorImpl.invoke(NativeMethodAccessorImpl.java:77)
at java.base/jdk.internal.reflect.DelegatingMethodAccessorImpl.invoke(DelegatingMethodAccessorImpl.java:43)
at java.base/java.lang.reflect.Method.invoke(Method.java:568)
at org.testng.internal.invokers.MethodInvocationHelper.invokeMethod(MethodInvocationHelper.java:141)
at org.testng.internal.invokers.TestInvoker.invokeMethod(TestInvoker.java:686)
at org.testng.internal.invokers.TestInvoker.invokeTestMethod(TestInvoker.java:230)
at org.testng.internal.invokers.MethodRunner.runInSequence(MethodRunner.java:63)
at org.testng.internal.invokers.TestInvoker$MethodInvocationAgent.invoke(TestInvoker.java:992)
at org.testng.internal.invokers.TestInvoker.invokeTestMethods(TestInvoker.java:203)
at org.testng.internal.invokers.TestMethodWorker.invokeTestMethods(TestMethodWorker.java:154)
at org.testng.internal.invokers.TestMethodWorker.run(TestMethodWorker.java:134)
at java.base/java.util.ArrayList.forEach(ArrayList.java:1511)
at org.testng.TestRunner.privateRun(TestRunner.java:739)
at org.testng.TestRunner.run(TestRunner.java:614)
at org.testng.SuiteRunner.runTest(SuiteRunner.java:421)
at org.testng.SuiteRunner.runSequentially(SuiteRunner.java:413)
at org.testng.SuiteRunner.privateRun(SuiteRunner.java:373)
at org.testng.SuiteRunner.run(SuiteRunner.java:312)
at org.testng.SuiteRunnerWorker.runSuite(SuiteRunnerWorker.java:52)
at org.testng.SuiteRunnerWorker.run(SuiteRunnerWorker.java:95)
at org.testng.TestNG.runSuitesSequentially(TestNG.java:1274)
at org.testng.TestNG.runSuitesLocally(TestNG.java:1208)
at org.testng.TestNG.runSuites(TestNG.java:1112)
at org.testng.TestNG.run(TestNG.java:1079)
at org.apache.maven.surefire.testng.TestNGExecutor.run(TestNGExecutor.java:155)
at org.apache.maven.surefire.testng.TestNGDirectoryTestSuite.executeMulti(TestNGDirectoryTestSuite.java:169)
at org.apache.maven.surefire.testng.TestNGDirectoryTestSuite.execute(TestNGDirectoryTestSuite.java:88)
at org.apache.maven.surefire.testng.TestNGProvider.invoke(TestNGProvider.java:137)
at org.apache.maven.surefire.booter.ForkedBooter.runSuitesInProcess(ForkedBooter.java:385)
at org.apache.maven.surefire.booter.ForkedBooter.execute(ForkedBooter.java:162)
at org.apache.maven.surefire.booter.ForkedBooter.run(ForkedBooter.java:507)
at org.apache.maven.surefire.booter.ForkedBooter.main(ForkedBooter.java:495)
]]>
            </full-stacktrace>
          </exception> <!-- org.openqa.selenium.NoSuchElementException -->
          <reporter-output>
          </reporter-output>
        </test-method> <!-- verifyPercentageOperation -->
        <test-method is-config="true" signature="initPage()[pri:0, instance:testcases.ScientificOperationsTest@78b729e6]" started-at="2026-05-28T15:29:01 IST" name="initPage" finished-at="2026-05-28T15:29:01 IST" duration-ms="0" status="PASS">
          <reporter-output>
          </reporter-output>
        </test-method> <!-- initPage -->
        <test-method is-config="true" signature="tearDown()[pri:0, instance:testcases.ScientificOperationsTest@78b729e6]" started-at="2026-05-28T15:29:11 IST" name="tearDown" finished-at="2026-05-28T15:29:11 IST" duration-ms="99" status="PASS">
          <reporter-output>
          </reporter-output>
        </test-method> <!-- tearDown -->
        <test-method is-config="true" signature="setup()[pri:0, instance:testcases.ScientificOperationsTest@78b729e6]" started-at="2026-05-28T15:29:11 IST" name="setup" finished-at="2026-05-28T15:29:12 IST" duration-ms="706" status="PASS">
          <reporter-output>
          </reporter-output>
        </test-method> <!-- setup -->
        <test-method is-config="true" signature="initPage()[pri:0, instance:testcases.ScientificOperationsTest@78b729e6]" started-at="2026-05-28T15:29:12 IST" name="initPage" finished-at="2026-05-28T15:29:12 IST" duration-ms="1" status="PASS">
          <reporter-output>
          </reporter-output>
        </test-method> <!-- initPage -->
        <test-method signature="verifyPowerOperation()[pri:0, instance:testcases.ScientificOperationsTest@78b729e6]" started-at="2026-05-28T15:29:12 IST" name="verifyPowerOperation" finished-at="2026-05-28T15:29:22 IST" duration-ms="10101" status="FAIL">
          <exception class="org.openqa.selenium.NoSuchElementException">
            <message>
              <![CDATA[no such element: Unable to locate element: {"method":"xpath","selector":"//button[normalize-space()='^']"}
  (Session info: chrome=148.0.7778.215)
For documentation on this error, please visit: https://www.selenium.dev/documentation/webdriver/troubleshooting/errors#no-such-element-exception
Build info: version: '4.22.0', revision: 'c5f3146703*'
System info: os.name: 'Mac OS X', os.arch: 'aarch64', os.version: '26.5', java.version: '17.0.14'
Driver info: org.openqa.selenium.chrome.ChromeDriver
Command: [7121eee6522ade948bf1b3dad8e74368, findElement {using=xpath, value=//button[normalize-space()='^']}]
Capabilities {acceptInsecureCerts: false, browserName: chrome, browserVersion: 148.0.7778.215, chrome: {chromedriverVersion: 148.0.7778.178 (d096af1c9e9..., userDataDir: /var/folders/1t/x2ksck2j26j...}, fedcm:accounts: true, goog:chromeOptions: {debuggerAddress: localhost:62522}, goog:processID: 24135, networkConnectionEnabled: false, pageLoadStrategy: normal, platformName: mac, proxy: Proxy(), se:cdp: ws://localhost:62522/devtoo..., se:cdpVersion: 148.0.7778.215, setWindowRect: true, strictFileInteractability: false, timeouts: {implicit: 0, pageLoad: 300000, script: 30000}, unhandledPromptBehavior: dismiss and notify, webauthn:extension:credBlob: true, webauthn:extension:largeBlob: true, webauthn:extension:minPinLength: true, webauthn:extension:prf: true, webauthn:virtualAuthenticators: true}
Session ID: 7121eee6522ade948bf1b3dad8e74368]]>
            </message>
            <full-stacktrace>
              <![CDATA[org.openqa.selenium.NoSuchElementException: no such element: Unable to locate element: {"method":"xpath","selector":"//button[normalize-space()='^']"}
  (Session info: chrome=148.0.7778.215)
For documentation on this error, please visit: https://www.selenium.dev/documentation/webdriver/troubleshooting/errors#no-such-element-exception
Build info: version: '4.22.0', revision: 'c5f3146703*'
System info: os.name: 'Mac OS X', os.arch: 'aarch64', os.version: '26.5', java.version: '17.0.14'
Driver info: org.openqa.selenium.chrome.ChromeDriver
Command: [7121eee6522ade948bf1b3dad8e74368, findElement {using=xpath, value=//button[normalize-space()='^']}]
Capabilities {acceptInsecureCerts: false, browserName: chrome, browserVersion: 148.0.7778.215, chrome: {chromedriverVersion: 148.0.7778.178 (d096af1c9e9..., userDataDir: /var/folders/1t/x2ksck2j26j...}, fedcm:accounts: true, goog:chromeOptions: {debuggerAddress: localhost:62522}, goog:processID: 24135, networkConnectionEnabled: false, pageLoadStrategy: normal, platformName: mac, proxy: Proxy(), se:cdp: ws://localhost:62522/devtoo..., se:cdpVersion: 148.0.7778.215, setWindowRect: true, strictFileInteractability: false, timeouts: {implicit: 0, pageLoad: 300000, script: 30000}, unhandledPromptBehavior: dismiss and notify, webauthn:extension:credBlob: true, webauthn:extension:largeBlob: true, webauthn:extension:minPinLength: true, webauthn:extension:prf: true, webauthn:virtualAuthenticators: true}
Session ID: 7121eee6522ade948bf1b3dad8e74368
at java.base/jdk.internal.reflect.NativeConstructorAccessorImpl.newInstance0(Native Method)
at java.base/jdk.internal.reflect.NativeConstructorAccessorImpl.newInstance(NativeConstructorAccessorImpl.java:77)
at java.base/jdk.internal.reflect.DelegatingConstructorAccessorImpl.newInstance(DelegatingConstructorAccessorImpl.java:45)
at java.base/java.lang.reflect.Constructor.newInstanceWithCaller(Constructor.java:499)
at java.base/java.lang.reflect.Constructor.newInstance(Constructor.java:480)
at org.openqa.selenium.remote.ErrorCodec.decode(ErrorCodec.java:167)
at org.openqa.selenium.remote.codec.w3c.W3CHttpResponseCodec.decode(W3CHttpResponseCodec.java:138)
at org.openqa.selenium.remote.codec.w3c.W3CHttpResponseCodec.decode(W3CHttpResponseCodec.java:50)
at org.openqa.selenium.remote.HttpCommandExecutor.execute(HttpCommandExecutor.java:190)
at org.openqa.selenium.remote.service.DriverCommandExecutor.invokeExecute(DriverCommandExecutor.java:216)
at org.openqa.selenium.remote.service.DriverCommandExecutor.execute(DriverCommandExecutor.java:174)
at org.openqa.selenium.remote.RemoteWebDriver.execute(RemoteWebDriver.java:518)
at org.openqa.selenium.remote.ElementLocation$ElementFinder$2.findElement(ElementLocation.java:165)
at org.openqa.selenium.remote.ElementLocation.findElement(ElementLocation.java:59)
at org.openqa.selenium.remote.RemoteWebDriver.findElement(RemoteWebDriver.java:355)
at org.openqa.selenium.remote.RemoteWebDriver.findElement(RemoteWebDriver.java:349)
at pages.CalculatorPage.clickButton(CalculatorPage.java:16)
at testcases.ScientificOperationsTest.verifyPowerOperation(ScientificOperationsTest.java:54)
at java.base/jdk.internal.reflect.NativeMethodAccessorImpl.invoke0(Native Method)
at java.base/jdk.internal.reflect.NativeMethodAccessorImpl.invoke(NativeMethodAccessorImpl.java:77)
at java.base/jdk.internal.reflect.DelegatingMethodAccessorImpl.invoke(DelegatingMethodAccessorImpl.java:43)
at java.base/java.lang.reflect.Method.invoke(Method.java:568)
at org.testng.internal.invokers.MethodInvocationHelper.invokeMethod(MethodInvocationHelper.java:141)
at org.testng.internal.invokers.TestInvoker.invokeMethod(TestInvoker.java:686)
at org.testng.internal.invokers.TestInvoker.invokeTestMethod(TestInvoker.java:230)
at org.testng.internal.invokers.MethodRunner.runInSequence(MethodRunner.java:63)
at org.testng.internal.invokers.TestInvoker$MethodInvocationAgent.invoke(TestInvoker.java:992)
at org.testng.internal.invokers.TestInvoker.invokeTestMethods(TestInvoker.java:203)
at org.testng.internal.invokers.TestMethodWorker.invokeTestMethods(TestMethodWorker.java:154)
at org.testng.internal.invokers.TestMethodWorker.run(TestMethodWorker.java:134)
at java.base/java.util.ArrayList.forEach(ArrayList.java:1511)
at org.testng.TestRunner.privateRun(TestRunner.java:739)
at org.testng.TestRunner.run(TestRunner.java:614)
at org.testng.SuiteRunner.runTest(SuiteRunner.java:421)
at org.testng.SuiteRunner.runSequentially(SuiteRunner.java:413)
at org.testng.SuiteRunner.privateRun(SuiteRunner.java:373)
at org.testng.SuiteRunner.run(SuiteRunner.java:312)
at org.testng.SuiteRunnerWorker.runSuite(SuiteRunnerWorker.java:52)
at org.testng.SuiteRunnerWorker.run(SuiteRunnerWorker.java:95)
at org.testng.TestNG.runSuitesSequentially(TestNG.java:1274)
at org.testng.TestNG.runSuitesLocally(TestNG.java:1208)
at org.testng.TestNG.runSuites(TestNG.java:1112)
at org.testng.TestNG.run(TestNG.java:1079)
at org.apache.maven.surefire.testng.TestNGExecutor.run(TestNGExecutor.java:155)
at org.apache.maven.surefire.testng.TestNGDirectoryTestSuite.executeMulti(TestNGDirectoryTestSuite.java:169)
at org.apache.maven.surefire.testng.TestNGDirectoryTestSuite.execute(TestNGDirectoryTestSuite.java:88)
at org.apache.maven.surefire.testng.TestNGProvider.invoke(TestNGProvider.java:137)
at org.apache.maven.surefire.booter.ForkedBooter.runSuitesInProcess(ForkedBooter.java:385)
at org.apache.maven.surefire.booter.ForkedBooter.execute(ForkedBooter.java:162)
at org.apache.maven.surefire.booter.ForkedBooter.run(ForkedBooter.java:507)
at org.apache.maven.surefire.booter.ForkedBooter.main(ForkedBooter.java:495)
]]>
            </full-stacktrace>
          </exception> <!-- org.openqa.selenium.NoSuchElementException -->
          <reporter-output>
          </reporter-output>
        </test-method> <!-- verifyPowerOperation -->
        <test-method is-config="true" signature="tearDown()[pri:0, instance:testcases.ScientificOperationsTest@78b729e6]" started-at="2026-05-28T15:29:22 IST" name="tearDown" finished-at="2026-05-28T15:29:22 IST" duration-ms="110" status="PASS">
          <reporter-output>
          </reporter-output>
        </test-method> <!-- tearDown -->
        <test-method is-config="true" signature="setup()[pri:0, instance:testcases.ScientificOperationsTest@78b729e6]" started-at="2026-05-28T15:29:22 IST" name="setup" finished-at="2026-05-28T15:29:23 IST" duration-ms="660" status="PASS">
          <reporter-output>
          </reporter-output>
        </test-method> <!-- setup -->
        <test-method signature="verifySinOperation()[pri:0, instance:testcases.ScientificOperationsTest@78b729e6]" started-at="2026-05-28T15:29:23 IST" name="verifySinOperation" finished-at="2026-05-28T15:29:23 IST" duration-ms="127" status="FAIL">
          <exception class="java.lang.AssertionError">
            <message>
              <![CDATA[expected [1.0] but found [NaN]]]>
            </message>
            <full-stacktrace>
              <![CDATA[java.lang.AssertionError: expected [1.0] but found [NaN]
at org.testng.Assert.fail(Assert.java:111)
at org.testng.Assert.failNotEquals(Assert.java:1578)
at org.testng.Assert.assertEquals(Assert.java:698)
at org.testng.Assert.assertEquals(Assert.java:711)
at testcases.ScientificOperationsTest.verifySinOperation(ScientificOperationsTest.java:79)
at java.base/jdk.internal.reflect.NativeMethodAccessorImpl.invoke0(Native Method)
at java.base/jdk.internal.reflect.NativeMethodAccessorImpl.invoke(NativeMethodAccessorImpl.java:77)
at java.base/jdk.internal.reflect.DelegatingMethodAccessorImpl.invoke(DelegatingMethodAccessorImpl.java:43)
at java.base/java.lang.reflect.Method.invoke(Method.java:568)
at org.testng.internal.invokers.MethodInvocationHelper.invokeMethod(MethodInvocationHelper.java:141)
at org.testng.internal.invokers.TestInvoker.invokeMethod(TestInvoker.java:686)
at org.testng.internal.invokers.TestInvoker.invokeTestMethod(TestInvoker.java:230)
at org.testng.internal.invokers.MethodRunner.runInSequence(MethodRunner.java:63)
at org.testng.internal.invokers.TestInvoker$MethodInvocationAgent.invoke(TestInvoker.java:992)
at org.testng.internal.invokers.TestInvoker.invokeTestMethods(TestInvoker.java:203)
at org.testng.internal.invokers.TestMethodWorker.invokeTestMethods(TestMethodWorker.java:154)
at org.testng.internal.invokers.TestMethodWorker.run(TestMethodWorker.java:134)
at java.base/java.util.ArrayList.forEach(ArrayList.java:1511)
at org.testng.TestRunner.privateRun(TestRunner.java:739)
at org.testng.TestRunner.run(TestRunner.java:614)
at org.testng.SuiteRunner.runTest(SuiteRunner.java:421)
at org.testng.SuiteRunner.runSequentially(SuiteRunner.java:413)
at org.testng.SuiteRunner.privateRun(SuiteRunner.java:373)
at org.testng.SuiteRunner.run(SuiteRunner.java:312)
at org.testng.SuiteRunnerWorker.runSuite(SuiteRunnerWorker.java:52)
at org.testng.SuiteRunnerWorker.run(SuiteRunnerWorker.java:95)
at org.testng.TestNG.runSuitesSequentially(TestNG.java:1274)
at org.testng.TestNG.runSuitesLocally(TestNG.java:1208)
at org.testng.TestNG.runSuites(TestNG.java:1112)
at org.testng.TestNG.run(TestNG.java:1079)
at org.apache.maven.surefire.testng.TestNGExecutor.run(TestNGExecutor.java:155)
at org.apache.maven.surefire.testng.TestNGDirectoryTestSuite.executeMulti(TestNGDirectoryTestSuite.java:169)
at org.apache.maven.surefire.testng.TestNGDirectoryTestSuite.execute(TestNGDirectoryTestSuite.java:88)
at org.apache.maven.surefire.testng.TestNGProvider.invoke(TestNGProvider.java:137)
at org.apache.maven.surefire.booter.ForkedBooter.runSuitesInProcess(ForkedBooter.java:385)
at org.apache.maven.surefire.booter.ForkedBooter.execute(ForkedBooter.java:162)
at org.apache.maven.surefire.booter.ForkedBooter.run(ForkedBooter.java:507)
at org.apache.maven.surefire.booter.ForkedBooter.main(ForkedBooter.java:495)
]]>
            </full-stacktrace>
          </exception> <!-- java.lang.AssertionError -->
          <reporter-output>
          </reporter-output>
        </test-method> <!-- verifySinOperation -->
        <test-method is-config="true" signature="initPage()[pri:0, instance:testcases.ScientificOperationsTest@78b729e6]" started-at="2026-05-28T15:29:23 IST" name="initPage" finished-at="2026-05-28T15:29:23 IST" duration-ms="0" status="PASS">
          <reporter-output>
          </reporter-output>
        </test-method> <!-- initPage -->
        <test-method is-config="true" signature="tearDown()[pri:0, instance:testcases.ScientificOperationsTest@78b729e6]" started-at="2026-05-28T15:29:23 IST" name="tearDown" finished-at="2026-05-28T15:29:23 IST" duration-ms="79" status="PASS">
          <reporter-output>
          </reporter-output>
        </test-method> <!-- tearDown -->
        <test-method is-config="true" signature="setup()[pri:0, instance:testcases.ScientificOperationsTest@78b729e6]" started-at="2026-05-28T15:29:23 IST" name="setup" finished-at="2026-05-28T15:29:24 IST" duration-ms="746" status="PASS">
          <reporter-output>
          </reporter-output>
        </test-method> <!-- setup -->
        <test-method signature="verifySquareRootOperation()[pri:0, instance:testcases.ScientificOperationsTest@78b729e6]" started-at="2026-05-28T15:29:24 IST" name="verifySquareRootOperation" finished-at="2026-05-28T15:29:24 IST" duration-ms="131" status="FAIL">
          <exception class="java.lang.AssertionError">
            <message>
              <![CDATA[expected [5] but found [NaN]]]>
            </message>
            <full-stacktrace>
              <![CDATA[java.lang.AssertionError: expected [5] but found [NaN]
at org.testng.Assert.fail(Assert.java:111)
at org.testng.Assert.failNotEquals(Assert.java:1578)
at org.testng.Assert.assertEqualsImpl(Assert.java:150)
at org.testng.Assert.assertEquals(Assert.java:132)
at org.testng.Assert.assertEquals(Assert.java:656)
at org.testng.Assert.assertEquals(Assert.java:666)
at testcases.ScientificOperationsTest.verifySquareRootOperation(ScientificOperationsTest.java:26)
at java.base/jdk.internal.reflect.NativeMethodAccessorImpl.invoke0(Native Method)
at java.base/jdk.internal.reflect.NativeMethodAccessorImpl.invoke(NativeMethodAccessorImpl.java:77)
at java.base/jdk.internal.reflect.DelegatingMethodAccessorImpl.invoke(DelegatingMethodAccessorImpl.java:43)
at java.base/java.lang.reflect.Method.invoke(Method.java:568)
at org.testng.internal.invokers.MethodInvocationHelper.invokeMethod(MethodInvocationHelper.java:141)
at org.testng.internal.invokers.TestInvoker.invokeMethod(TestInvoker.java:686)
at org.testng.internal.invokers.TestInvoker.invokeTestMethod(TestInvoker.java:230)
at org.testng.internal.invokers.MethodRunner.runInSequence(MethodRunner.java:63)
at org.testng.internal.invokers.TestInvoker$MethodInvocationAgent.invoke(TestInvoker.java:992)
at org.testng.internal.invokers.TestInvoker.invokeTestMethods(TestInvoker.java:203)
at org.testng.internal.invokers.TestMethodWorker.invokeTestMethods(TestMethodWorker.java:154)
at org.testng.internal.invokers.TestMethodWorker.run(TestMethodWorker.java:134)
at java.base/java.util.ArrayList.forEach(ArrayList.java:1511)
at org.testng.TestRunner.privateRun(TestRunner.java:739)
at org.testng.TestRunner.run(TestRunner.java:614)
at org.testng.SuiteRunner.runTest(SuiteRunner.java:421)
at org.testng.SuiteRunner.runSequentially(SuiteRunner.java:413)
at org.testng.SuiteRunner.privateRun(SuiteRunner.java:373)
at org.testng.SuiteRunner.run(SuiteRunner.java:312)
at org.testng.SuiteRunnerWorker.runSuite(SuiteRunnerWorker.java:52)
at org.testng.SuiteRunnerWorker.run(SuiteRunnerWorker.java:95)
at org.testng.TestNG.runSuitesSequentially(TestNG.java:1274)
at org.testng.TestNG.runSuitesLocally(TestNG.java:1208)
at org.testng.TestNG.runSuites(TestNG.java:1112)
at org.testng.TestNG.run(TestNG.java:1079)
at org.apache.maven.surefire.testng.TestNGExecutor.run(TestNGExecutor.java:155)
at org.apache.maven.surefire.testng.TestNGDirectoryTestSuite.executeMulti(TestNGDirectoryTestSuite.java:169)
at org.apache.maven.surefire.testng.TestNGDirectoryTestSuite.execute(TestNGDirectoryTestSuite.java:88)
at org.apache.maven.surefire.testng.TestNGProvider.invoke(TestNGProvider.java:137)
at org.apache.maven.surefire.booter.ForkedBooter.runSuitesInProcess(ForkedBooter.java:385)
at org.apache.maven.surefire.booter.ForkedBooter.execute(ForkedBooter.java:162)
at org.apache.maven.surefire.booter.ForkedBooter.run(ForkedBooter.java:507)
at org.apache.maven.surefire.booter.ForkedBooter.main(ForkedBooter.java:495)
]]>
            </full-stacktrace>
          </exception> <!-- java.lang.AssertionError -->
          <reporter-output>
          </reporter-output>
        </test-method> <!-- verifySquareRootOperation -->
        <test-method is-config="true" signature="initPage()[pri:0, instance:testcases.ScientificOperationsTest@78b729e6]" started-at="2026-05-28T15:29:24 IST" name="initPage" finished-at="2026-05-28T15:29:24 IST" duration-ms="0" status="PASS">
          <reporter-output>
          </reporter-output>
        </test-method> <!-- initPage -->
        <test-method is-config="true" signature="tearDown()[pri:0, instance:testcases.ScientificOperationsTest@78b729e6]" started-at="2026-05-28T15:29:24 IST" name="tearDown" finished-at="2026-05-28T15:29:24 IST" duration-ms="78" status="PASS">
          <reporter-output>
          </reporter-output>
        </test-method> <!-- tearDown -->
      </class> <!-- testcases.ScientificOperationsTest -->
      <class name="testcases.BoundaryValueTest">
        <test-method is-config="true" signature="setup()[pri:0, instance:testcases.BoundaryValueTest@78dd667e]" started-at="2026-05-28T15:27:01 IST" name="setup" finished-at="2026-05-28T15:27:02 IST" duration-ms="628" status="PASS">
          <reporter-output>
          </reporter-output>
        </test-method> <!-- setup -->
        <test-method signature="verifyConsecutiveDecimalPoints()[pri:0, instance:testcases.BoundaryValueTest@78dd667e]" started-at="2026-05-28T15:27:02 IST" name="verifyConsecutiveDecimalPoints" finished-at="2026-05-28T15:27:02 IST" duration-ms="123" status="FAIL">
          <exception class="java.lang.AssertionError">
            <message>
              <![CDATA[expected [false] but found [true]]]>
            </message>
            <full-stacktrace>
              <![CDATA[java.lang.AssertionError: expected [false] but found [true]
at org.testng.Assert.fail(Assert.java:111)
at org.testng.Assert.failNotEquals(Assert.java:1578)
at org.testng.Assert.assertFalse(Assert.java:79)
at org.testng.Assert.assertFalse(Assert.java:89)
at testcases.BoundaryValueTest.verifyConsecutiveDecimalPoints(BoundaryValueTest.java:65)
at java.base/jdk.internal.reflect.NativeMethodAccessorImpl.invoke0(Native Method)
at java.base/jdk.internal.reflect.NativeMethodAccessorImpl.invoke(NativeMethodAccessorImpl.java:77)
at java.base/jdk.internal.reflect.DelegatingMethodAccessorImpl.invoke(DelegatingMethodAccessorImpl.java:43)
at java.base/java.lang.reflect.Method.invoke(Method.java:568)
at org.testng.internal.invokers.MethodInvocationHelper.invokeMethod(MethodInvocationHelper.java:141)
at org.testng.internal.invokers.TestInvoker.invokeMethod(TestInvoker.java:686)
at org.testng.internal.invokers.TestInvoker.invokeTestMethod(TestInvoker.java:230)
at org.testng.internal.invokers.MethodRunner.runInSequence(MethodRunner.java:63)
at org.testng.internal.invokers.TestInvoker$MethodInvocationAgent.invoke(TestInvoker.java:992)
at org.testng.internal.invokers.TestInvoker.invokeTestMethods(TestInvoker.java:203)
at org.testng.internal.invokers.TestMethodWorker.invokeTestMethods(TestMethodWorker.java:154)
at org.testng.internal.invokers.TestMethodWorker.run(TestMethodWorker.java:134)
at java.base/java.util.ArrayList.forEach(ArrayList.java:1511)
at org.testng.TestRunner.privateRun(TestRunner.java:739)
at org.testng.TestRunner.run(TestRunner.java:614)
at org.testng.SuiteRunner.runTest(SuiteRunner.java:421)
at org.testng.SuiteRunner.runSequentially(SuiteRunner.java:413)
at org.testng.SuiteRunner.privateRun(SuiteRunner.java:373)
at org.testng.SuiteRunner.run(SuiteRunner.java:312)
at org.testng.SuiteRunnerWorker.runSuite(SuiteRunnerWorker.java:52)
at org.testng.SuiteRunnerWorker.run(SuiteRunnerWorker.java:95)
at org.testng.TestNG.runSuitesSequentially(TestNG.java:1274)
at org.testng.TestNG.runSuitesLocally(TestNG.java:1208)
at org.testng.TestNG.runSuites(TestNG.java:1112)
at org.testng.TestNG.run(TestNG.java:1079)
at org.apache.maven.surefire.testng.TestNGExecutor.run(TestNGExecutor.java:155)
at org.apache.maven.surefire.testng.TestNGDirectoryTestSuite.executeMulti(TestNGDirectoryTestSuite.java:169)
at org.apache.maven.surefire.testng.TestNGDirectoryTestSuite.execute(TestNGDirectoryTestSuite.java:88)
at org.apache.maven.surefire.testng.TestNGProvider.invoke(TestNGProvider.java:137)
at org.apache.maven.surefire.booter.ForkedBooter.runSuitesInProcess(ForkedBooter.java:385)
at org.apache.maven.surefire.booter.ForkedBooter.execute(ForkedBooter.java:162)
at org.apache.maven.surefire.booter.ForkedBooter.run(ForkedBooter.java:507)
at org.apache.maven.surefire.booter.ForkedBooter.main(ForkedBooter.java:495)
]]>
            </full-stacktrace>
          </exception> <!-- java.lang.AssertionError -->
          <reporter-output>
          </reporter-output>
        </test-method> <!-- verifyConsecutiveDecimalPoints -->
        <test-method is-config="true" signature="initPage()[pri:0, instance:testcases.BoundaryValueTest@78dd667e]" started-at="2026-05-28T15:27:02 IST" name="initPage" finished-at="2026-05-28T15:27:02 IST" duration-ms="0" status="PASS">
          <reporter-output>
          </reporter-output>
        </test-method> <!-- initPage -->
        <test-method is-config="true" signature="tearDown()[pri:0, instance:testcases.BoundaryValueTest@78dd667e]" started-at="2026-05-28T15:27:02 IST" name="tearDown" finished-at="2026-05-28T15:27:02 IST" duration-ms="82" status="PASS">
          <reporter-output>
          </reporter-output>
        </test-method> <!-- tearDown -->
        <test-method is-config="true" signature="setup()[pri:0, instance:testcases.BoundaryValueTest@78dd667e]" started-at="2026-05-28T15:27:02 IST" name="setup" finished-at="2026-05-28T15:27:03 IST" duration-ms="696" status="PASS">
          <reporter-output>
          </reporter-output>
        </test-method> <!-- setup -->
        <test-method signature="verifyFloatingPointPrecision()[pri:0, instance:testcases.BoundaryValueTest@78dd667e]" started-at="2026-05-28T15:27:03 IST" name="verifyFloatingPointPrecision" finished-at="2026-05-28T15:27:16 IST" duration-ms="13322" status="PASS">
          <reporter-output>
          </reporter-output>
        </test-method> <!-- verifyFloatingPointPrecision -->
        <test-method is-config="true" signature="initPage()[pri:0, instance:testcases.BoundaryValueTest@78dd667e]" started-at="2026-05-28T15:27:03 IST" name="initPage" finished-at="2026-05-28T15:27:03 IST" duration-ms="0" status="PASS">
          <reporter-output>
          </reporter-output>
        </test-method> <!-- initPage -->
        <test-method is-config="true" signature="tearDown()[pri:0, instance:testcases.BoundaryValueTest@78dd667e]" started-at="2026-05-28T15:27:16 IST" name="tearDown" finished-at="2026-05-28T15:27:16 IST" duration-ms="87" status="PASS">
          <reporter-output>
          </reporter-output>
        </test-method> <!-- tearDown -->
        <test-method is-config="true" signature="setup()[pri:0, instance:testcases.BoundaryValueTest@78dd667e]" started-at="2026-05-28T15:27:16 IST" name="setup" finished-at="2026-05-28T15:27:17 IST" duration-ms="641" status="PASS">
          <reporter-output>
          </reporter-output>
        </test-method> <!-- setup -->
        <test-method signature="verifyLargeNumberCalculation()[pri:0, instance:testcases.BoundaryValueTest@78dd667e]" started-at="2026-05-28T15:27:17 IST" name="verifyLargeNumberCalculation" finished-at="2026-05-28T15:27:30 IST" duration-ms="13580" status="PASS">
          <reporter-output>
          </reporter-output>
        </test-method> <!-- verifyLargeNumberCalculation -->
        <test-method is-config="true" signature="initPage()[pri:0, instance:testcases.BoundaryValueTest@78dd667e]" started-at="2026-05-28T15:27:17 IST" name="initPage" finished-at="2026-05-28T15:27:17 IST" duration-ms="0" status="PASS">
          <reporter-output>
          </reporter-output>
        </test-method> <!-- initPage -->
        <test-method is-config="true" signature="tearDown()[pri:0, instance:testcases.BoundaryValueTest@78dd667e]" started-at="2026-05-28T15:27:30 IST" name="tearDown" finished-at="2026-05-28T15:27:30 IST" duration-ms="95" status="PASS">
          <reporter-output>
          </reporter-output>
        </test-method> <!-- tearDown -->
        <test-method is-config="true" signature="setup()[pri:0, instance:testcases.BoundaryValueTest@78dd667e]" started-at="2026-05-28T15:27:30 IST" name="setup" finished-at="2026-05-28T15:27:31 IST" duration-ms="758" status="PASS">
          <reporter-output>
          </reporter-output>
        </test-method> <!-- setup -->
        <test-method signature="verifyRapidButtonClicking()[pri:0, instance:testcases.BoundaryValueTest@78dd667e]" started-at="2026-05-28T15:27:31 IST" name="verifyRapidButtonClicking" finished-at="2026-05-28T15:27:32 IST" duration-ms="432" status="PASS">
          <reporter-output>
          </reporter-output>
        </test-method> <!-- verifyRapidButtonClicking -->
        <test-method is-config="true" signature="initPage()[pri:0, instance:testcases.BoundaryValueTest@78dd667e]" started-at="2026-05-28T15:27:31 IST" name="initPage" finished-at="2026-05-28T15:27:31 IST" duration-ms="0" status="PASS">
          <reporter-output>
          </reporter-output>
        </test-method> <!-- initPage -->
        <test-method is-config="true" signature="tearDown()[pri:0, instance:testcases.BoundaryValueTest@78dd667e]" started-at="2026-05-28T15:27:32 IST" name="tearDown" finished-at="2026-05-28T15:27:32 IST" duration-ms="82" status="PASS">
          <reporter-output>
          </reporter-output>
        </test-method> <!-- tearDown -->
      </class> <!-- testcases.BoundaryValueTest -->
      <class name="testcases.BasicOperationsTest">
        <test-method is-config="true" signature="setup()[pri:0, instance:testcases.BasicOperationsTest@10db82ae]" started-at="2026-05-28T15:27:32 IST" name="setup" finished-at="2026-05-28T15:27:32 IST" duration-ms="691" status="PASS">
          <reporter-output>
          </reporter-output>
        </test-method> <!-- setup -->
        <test-method is-config="true" signature="initPage()[pri:0, instance:testcases.BasicOperationsTest@10db82ae]" started-at="2026-05-28T15:27:32 IST" name="initPage" finished-at="2026-05-28T15:27:32 IST" duration-ms="1" status="PASS">
          <reporter-output>
          </reporter-output>
        </test-method> <!-- initPage -->
        <test-method signature="verifyAddition()[pri:1, instance:testcases.BasicOperationsTest@10db82ae]" started-at="2026-05-28T15:27:32 IST" name="verifyAddition" description="Verify the addition of two numbers" finished-at="2026-05-28T15:27:46 IST" duration-ms="13239" status="PASS">
          <reporter-output>
          </reporter-output>
        </test-method> <!-- verifyAddition -->
        <test-method is-config="true" signature="tearDown()[pri:0, instance:testcases.BasicOperationsTest@10db82ae]" started-at="2026-05-28T15:27:46 IST" name="tearDown" finished-at="2026-05-28T15:27:46 IST" duration-ms="89" status="PASS">
          <reporter-output>
          </reporter-output>
        </test-method> <!-- tearDown -->
        <test-method is-config="true" signature="setup()[pri:0, instance:testcases.BasicOperationsTest@10db82ae]" started-at="2026-05-28T15:27:46 IST" name="setup" finished-at="2026-05-28T15:27:46 IST" duration-ms="703" status="PASS">
          <reporter-output>
          </reporter-output>
        </test-method> <!-- setup -->
        <test-method signature="verifyDecimalCalculation()[pri:1, instance:testcases.BasicOperationsTest@10db82ae]" started-at="2026-05-28T15:27:46 IST" name="verifyDecimalCalculation" description="Verify the calculation of two decimal numbers" finished-at="2026-05-28T15:28:00 IST" duration-ms="13348" status="PASS">
          <reporter-output>
          </reporter-output>
        </test-method> <!-- verifyDecimalCalculation -->
        <test-method is-config="true" signature="initPage()[pri:0, instance:testcases.BasicOperationsTest@10db82ae]" started-at="2026-05-28T15:27:46 IST" name="initPage" finished-at="2026-05-28T15:27:46 IST" duration-ms="0" status="PASS">
          <reporter-output>
          </reporter-output>
        </test-method> <!-- initPage -->
        <test-method is-config="true" signature="tearDown()[pri:0, instance:testcases.BasicOperationsTest@10db82ae]" started-at="2026-05-28T15:28:00 IST" name="tearDown" finished-at="2026-05-28T15:28:00 IST" duration-ms="93" status="PASS">
          <reporter-output>
          </reporter-output>
        </test-method> <!-- tearDown -->
        <test-method is-config="true" signature="setup()[pri:0, instance:testcases.BasicOperationsTest@10db82ae]" started-at="2026-05-28T15:28:00 IST" name="setup" finished-at="2026-05-28T15:28:01 IST" duration-ms="767" status="PASS">
          <reporter-output>
          </reporter-output>
        </test-method> <!-- setup -->
        <test-method signature="verifyDivision()[pri:1, instance:testcases.BasicOperationsTest@10db82ae]" started-at="2026-05-28T15:28:01 IST" name="verifyDivision" description="Verify the devision of two numbers" finished-at="2026-05-28T15:28:14 IST" duration-ms="13279" status="PASS">
          <reporter-output>
          </reporter-output>
        </test-method> <!-- verifyDivision -->
        <test-method is-config="true" signature="initPage()[pri:0, instance:testcases.BasicOperationsTest@10db82ae]" started-at="2026-05-28T15:28:01 IST" name="initPage" finished-at="2026-05-28T15:28:01 IST" duration-ms="0" status="PASS">
          <reporter-output>
          </reporter-output>
        </test-method> <!-- initPage -->
        <test-method is-config="true" signature="tearDown()[pri:0, instance:testcases.BasicOperationsTest@10db82ae]" started-at="2026-05-28T15:28:14 IST" name="tearDown" finished-at="2026-05-28T15:28:14 IST" duration-ms="93" status="PASS">
          <reporter-output>
          </reporter-output>
        </test-method> <!-- tearDown -->
        <test-method is-config="true" signature="setup()[pri:0, instance:testcases.BasicOperationsTest@10db82ae]" started-at="2026-05-28T15:28:14 IST" name="setup" finished-at="2026-05-28T15:28:15 IST" duration-ms="694" status="PASS">
          <reporter-output>
          </reporter-output>
        </test-method> <!-- setup -->
        <test-method is-config="true" signature="initPage()[pri:0, instance:testcases.BasicOperationsTest@10db82ae]" started-at="2026-05-28T15:28:15 IST" name="initPage" finished-at="2026-05-28T15:28:15 IST" duration-ms="1" status="PASS">
          <reporter-output>
          </reporter-output>
        </test-method> <!-- initPage -->
        <test-method signature="verifyMultipleChainedOperations()[pri:1, instance:testcases.BasicOperationsTest@10db82ae]" started-at="2026-05-28T15:28:15 IST" name="verifyMultipleChainedOperations" description="Verify the BOSMAD calculation of three or more numbers" finished-at="2026-05-28T15:28:21 IST" duration-ms="6338" status="PASS">
          <reporter-output>
          </reporter-output>
        </test-method> <!-- verifyMultipleChainedOperations -->
        <test-method is-config="true" signature="tearDown()[pri:0, instance:testcases.BasicOperationsTest@10db82ae]" started-at="2026-05-28T15:28:21 IST" name="tearDown" finished-at="2026-05-28T15:28:21 IST" duration-ms="119" status="PASS">
          <reporter-output>
          </reporter-output>
        </test-method> <!-- tearDown -->
        <test-method is-config="true" signature="setup()[pri:0, instance:testcases.BasicOperationsTest@10db82ae]" started-at="2026-05-28T15:28:21 IST" name="setup" finished-at="2026-05-28T15:28:22 IST" duration-ms="758" status="PASS">
          <reporter-output>
          </reporter-output>
        </test-method> <!-- setup -->
        <test-method is-config="true" signature="initPage()[pri:0, instance:testcases.BasicOperationsTest@10db82ae]" started-at="2026-05-28T15:28:22 IST" name="initPage" finished-at="2026-05-28T15:28:22 IST" duration-ms="1" status="PASS">
          <reporter-output>
          </reporter-output>
        </test-method> <!-- initPage -->
        <test-method signature="verifyMultiplication()[pri:1, instance:testcases.BasicOperationsTest@10db82ae]" started-at="2026-05-28T15:28:22 IST" name="verifyMultiplication" description="Verify the multiplication of two numbers" finished-at="2026-05-28T15:28:35 IST" duration-ms="13248" status="PASS">
          <reporter-output>
          </reporter-output>
        </test-method> <!-- verifyMultiplication -->
        <test-method is-config="true" signature="tearDown()[pri:0, instance:testcases.BasicOperationsTest@10db82ae]" started-at="2026-05-28T15:28:35 IST" name="tearDown" finished-at="2026-05-28T15:28:35 IST" duration-ms="92" status="PASS">
          <reporter-output>
          </reporter-output>
        </test-method> <!-- tearDown -->
        <test-method is-config="true" signature="setup()[pri:0, instance:testcases.BasicOperationsTest@10db82ae]" started-at="2026-05-28T15:28:35 IST" name="setup" finished-at="2026-05-28T15:28:36 IST" duration-ms="636" status="PASS">
          <reporter-output>
          </reporter-output>
        </test-method> <!-- setup -->
        <test-method signature="verifySubtraction()[pri:1, instance:testcases.BasicOperationsTest@10db82ae]" started-at="2026-05-28T15:28:36 IST" name="verifySubtraction" description="Verify the Subtraction of two numbers" finished-at="2026-05-28T15:28:49 IST" duration-ms="13280" status="PASS">
          <reporter-output>
          </reporter-output>
        </test-method> <!-- verifySubtraction -->
        <test-method is-config="true" signature="initPage()[pri:0, instance:testcases.BasicOperationsTest@10db82ae]" started-at="2026-05-28T15:28:36 IST" name="initPage" finished-at="2026-05-28T15:28:36 IST" duration-ms="0" status="PASS">
          <reporter-output>
          </reporter-output>
        </test-method> <!-- initPage -->
        <test-method is-config="true" signature="tearDown()[pri:0, instance:testcases.BasicOperationsTest@10db82ae]" started-at="2026-05-28T15:28:49 IST" name="tearDown" finished-at="2026-05-28T15:28:49 IST" duration-ms="92" status="PASS">
          <reporter-output>
          </reporter-output>
        </test-method> <!-- tearDown -->
      </class> <!-- testcases.BasicOperationsTest -->
      <class name="testcases.NegativeScenariosTest">
        <test-method is-config="true" signature="setup()[pri:0, instance:testcases.NegativeScenariosTest@2c34f934]" started-at="2026-05-28T15:26:32 IST" name="setup" finished-at="2026-05-28T15:26:36 IST" duration-ms="4277" status="PASS">
          <reporter-output>
          </reporter-output>
        </test-method> <!-- setup -->
        <test-method is-config="true" signature="initPage()[pri:0, instance:testcases.NegativeScenariosTest@2c34f934]" started-at="2026-05-28T15:26:36 IST" name="initPage" finished-at="2026-05-28T15:26:36 IST" duration-ms="2" status="PASS">
          <reporter-output>
          </reporter-output>
        </test-method> <!-- initPage -->
        <test-method signature="verifyDivideByZero()[pri:0, instance:testcases.NegativeScenariosTest@2c34f934]" started-at="2026-05-28T15:26:36 IST" name="verifyDivideByZero" finished-at="2026-05-28T15:26:47 IST" duration-ms="11150" status="FAIL">
          <exception class="org.openqa.selenium.NoSuchElementException">
            <message>
              <![CDATA[no such element: Unable to locate element: {"method":"xpath","selector":"//button[normalize-space()='/']"}
  (Session info: chrome=148.0.7778.215)
For documentation on this error, please visit: https://www.selenium.dev/documentation/webdriver/troubleshooting/errors#no-such-element-exception
Build info: version: '4.22.0', revision: 'c5f3146703*'
System info: os.name: 'Mac OS X', os.arch: 'aarch64', os.version: '26.5', java.version: '17.0.14'
Driver info: org.openqa.selenium.chrome.ChromeDriver
Command: [c7c89dd5728754bf21eef33e52eb75e8, findElement {using=xpath, value=//button[normalize-space()='/']}]
Capabilities {acceptInsecureCerts: false, browserName: chrome, browserVersion: 148.0.7778.215, chrome: {chromedriverVersion: 148.0.7778.178 (d096af1c9e9..., userDataDir: /var/folders/1t/x2ksck2j26j...}, fedcm:accounts: true, goog:chromeOptions: {debuggerAddress: localhost:61532}, goog:processID: 23834, networkConnectionEnabled: false, pageLoadStrategy: normal, platformName: mac, proxy: Proxy(), se:cdp: ws://localhost:61532/devtoo..., se:cdpVersion: 148.0.7778.215, setWindowRect: true, strictFileInteractability: false, timeouts: {implicit: 0, pageLoad: 300000, script: 30000}, unhandledPromptBehavior: dismiss and notify, webauthn:extension:credBlob: true, webauthn:extension:largeBlob: true, webauthn:extension:minPinLength: true, webauthn:extension:prf: true, webauthn:virtualAuthenticators: true}
Session ID: c7c89dd5728754bf21eef33e52eb75e8]]>
            </message>
            <full-stacktrace>
              <![CDATA[org.openqa.selenium.NoSuchElementException: no such element: Unable to locate element: {"method":"xpath","selector":"//button[normalize-space()='/']"}
  (Session info: chrome=148.0.7778.215)
For documentation on this error, please visit: https://www.selenium.dev/documentation/webdriver/troubleshooting/errors#no-such-element-exception
Build info: version: '4.22.0', revision: 'c5f3146703*'
System info: os.name: 'Mac OS X', os.arch: 'aarch64', os.version: '26.5', java.version: '17.0.14'
Driver info: org.openqa.selenium.chrome.ChromeDriver
Command: [c7c89dd5728754bf21eef33e52eb75e8, findElement {using=xpath, value=//button[normalize-space()='/']}]
Capabilities {acceptInsecureCerts: false, browserName: chrome, browserVersion: 148.0.7778.215, chrome: {chromedriverVersion: 148.0.7778.178 (d096af1c9e9..., userDataDir: /var/folders/1t/x2ksck2j26j...}, fedcm:accounts: true, goog:chromeOptions: {debuggerAddress: localhost:61532}, goog:processID: 23834, networkConnectionEnabled: false, pageLoadStrategy: normal, platformName: mac, proxy: Proxy(), se:cdp: ws://localhost:61532/devtoo..., se:cdpVersion: 148.0.7778.215, setWindowRect: true, strictFileInteractability: false, timeouts: {implicit: 0, pageLoad: 300000, script: 30000}, unhandledPromptBehavior: dismiss and notify, webauthn:extension:credBlob: true, webauthn:extension:largeBlob: true, webauthn:extension:minPinLength: true, webauthn:extension:prf: true, webauthn:virtualAuthenticators: true}
Session ID: c7c89dd5728754bf21eef33e52eb75e8
at java.base/jdk.internal.reflect.NativeConstructorAccessorImpl.newInstance0(Native Method)
at java.base/jdk.internal.reflect.NativeConstructorAccessorImpl.newInstance(NativeConstructorAccessorImpl.java:77)
at java.base/jdk.internal.reflect.DelegatingConstructorAccessorImpl.newInstance(DelegatingConstructorAccessorImpl.java:45)
at java.base/java.lang.reflect.Constructor.newInstanceWithCaller(Constructor.java:499)
at java.base/java.lang.reflect.Constructor.newInstance(Constructor.java:480)
at org.openqa.selenium.remote.ErrorCodec.decode(ErrorCodec.java:167)
at org.openqa.selenium.remote.codec.w3c.W3CHttpResponseCodec.decode(W3CHttpResponseCodec.java:138)
at org.openqa.selenium.remote.codec.w3c.W3CHttpResponseCodec.decode(W3CHttpResponseCodec.java:50)
at org.openqa.selenium.remote.HttpCommandExecutor.execute(HttpCommandExecutor.java:190)
at org.openqa.selenium.remote.service.DriverCommandExecutor.invokeExecute(DriverCommandExecutor.java:216)
at org.openqa.selenium.remote.service.DriverCommandExecutor.execute(DriverCommandExecutor.java:174)
at org.openqa.selenium.remote.RemoteWebDriver.execute(RemoteWebDriver.java:518)
at org.openqa.selenium.remote.ElementLocation$ElementFinder$2.findElement(ElementLocation.java:165)
at org.openqa.selenium.remote.ElementLocation.findElement(ElementLocation.java:59)
at org.openqa.selenium.remote.RemoteWebDriver.findElement(RemoteWebDriver.java:355)
at org.openqa.selenium.remote.RemoteWebDriver.findElement(RemoteWebDriver.java:349)
at pages.CalculatorPage.clickButton(CalculatorPage.java:16)
at pages.CalculatorPage.performCalculation(CalculatorPage.java:51)
at testcases.NegativeScenariosTest.verifyDivideByZero(NegativeScenariosTest.java:20)
at java.base/jdk.internal.reflect.NativeMethodAccessorImpl.invoke0(Native Method)
at java.base/jdk.internal.reflect.NativeMethodAccessorImpl.invoke(NativeMethodAccessorImpl.java:77)
at java.base/jdk.internal.reflect.DelegatingMethodAccessorImpl.invoke(DelegatingMethodAccessorImpl.java:43)
at java.base/java.lang.reflect.Method.invoke(Method.java:568)
at org.testng.internal.invokers.MethodInvocationHelper.invokeMethod(MethodInvocationHelper.java:141)
at org.testng.internal.invokers.TestInvoker.invokeMethod(TestInvoker.java:686)
at org.testng.internal.invokers.TestInvoker.invokeTestMethod(TestInvoker.java:230)
at org.testng.internal.invokers.MethodRunner.runInSequence(MethodRunner.java:63)
at org.testng.internal.invokers.TestInvoker$MethodInvocationAgent.invoke(TestInvoker.java:992)
at org.testng.internal.invokers.TestInvoker.invokeTestMethods(TestInvoker.java:203)
at org.testng.internal.invokers.TestMethodWorker.invokeTestMethods(TestMethodWorker.java:154)
at org.testng.internal.invokers.TestMethodWorker.run(TestMethodWorker.java:134)
at java.base/java.util.ArrayList.forEach(ArrayList.java:1511)
at org.testng.TestRunner.privateRun(TestRunner.java:739)
at org.testng.TestRunner.run(TestRunner.java:614)
at org.testng.SuiteRunner.runTest(SuiteRunner.java:421)
at org.testng.SuiteRunner.runSequentially(SuiteRunner.java:413)
at org.testng.SuiteRunner.privateRun(SuiteRunner.java:373)
at org.testng.SuiteRunner.run(SuiteRunner.java:312)
at org.testng.SuiteRunnerWorker.runSuite(SuiteRunnerWorker.java:52)
at org.testng.SuiteRunnerWorker.run(SuiteRunnerWorker.java:95)
at org.testng.TestNG.runSuitesSequentially(TestNG.java:1274)
at org.testng.TestNG.runSuitesLocally(TestNG.java:1208)
at org.testng.TestNG.runSuites(TestNG.java:1112)
at org.testng.TestNG.run(TestNG.java:1079)
at org.apache.maven.surefire.testng.TestNGExecutor.run(TestNGExecutor.java:155)
at org.apache.maven.surefire.testng.TestNGDirectoryTestSuite.executeMulti(TestNGDirectoryTestSuite.java:169)
at org.apache.maven.surefire.testng.TestNGDirectoryTestSuite.execute(TestNGDirectoryTestSuite.java:88)
at org.apache.maven.surefire.testng.TestNGProvider.invoke(TestNGProvider.java:137)
at org.apache.maven.surefire.booter.ForkedBooter.runSuitesInProcess(ForkedBooter.java:385)
at org.apache.maven.surefire.booter.ForkedBooter.execute(ForkedBooter.java:162)
at org.apache.maven.surefire.booter.ForkedBooter.run(ForkedBooter.java:507)
at org.apache.maven.surefire.booter.ForkedBooter.main(ForkedBooter.java:495)
]]>
            </full-stacktrace>
          </exception> <!-- org.openqa.selenium.NoSuchElementException -->
          <reporter-output>
          </reporter-output>
        </test-method> <!-- verifyDivideByZero -->
        <test-method is-config="true" signature="tearDown()[pri:0, instance:testcases.NegativeScenariosTest@2c34f934]" started-at="2026-05-28T15:26:47 IST" name="tearDown" finished-at="2026-05-28T15:26:48 IST" duration-ms="95" status="PASS">
          <reporter-output>
          </reporter-output>
        </test-method> <!-- tearDown -->
        <test-method is-config="true" signature="setup()[pri:0, instance:testcases.NegativeScenariosTest@2c34f934]" started-at="2026-05-28T15:26:48 IST" name="setup" finished-at="2026-05-28T15:26:49 IST" duration-ms="1679" status="PASS">
          <reporter-output>
          </reporter-output>
        </test-method> <!-- setup -->
        <test-method signature="verifyEmptyCalculation()[pri:0, instance:testcases.NegativeScenariosTest@2c34f934]" started-at="2026-05-28T15:26:49 IST" name="verifyEmptyCalculation" finished-at="2026-05-28T15:26:49 IST" duration-ms="60" status="FAIL">
          <exception class="java.lang.AssertionError">
            <message>
              <![CDATA[expected [true] but found [false]]]>
            </message>
            <full-stacktrace>
              <![CDATA[java.lang.AssertionError: expected [true] but found [false]
at org.testng.Assert.fail(Assert.java:111)
at org.testng.Assert.failNotEquals(Assert.java:1578)
at org.testng.Assert.assertTrue(Assert.java:57)
at org.testng.Assert.assertTrue(Assert.java:67)
at testcases.NegativeScenariosTest.verifyEmptyCalculation(NegativeScenariosTest.java:72)
at java.base/jdk.internal.reflect.NativeMethodAccessorImpl.invoke0(Native Method)
at java.base/jdk.internal.reflect.NativeMethodAccessorImpl.invoke(NativeMethodAccessorImpl.java:77)
at java.base/jdk.internal.reflect.DelegatingMethodAccessorImpl.invoke(DelegatingMethodAccessorImpl.java:43)
at java.base/java.lang.reflect.Method.invoke(Method.java:568)
at org.testng.internal.invokers.MethodInvocationHelper.invokeMethod(MethodInvocationHelper.java:141)
at org.testng.internal.invokers.TestInvoker.invokeMethod(TestInvoker.java:686)
at org.testng.internal.invokers.TestInvoker.invokeTestMethod(TestInvoker.java:230)
at org.testng.internal.invokers.MethodRunner.runInSequence(MethodRunner.java:63)
at org.testng.internal.invokers.TestInvoker$MethodInvocationAgent.invoke(TestInvoker.java:992)
at org.testng.internal.invokers.TestInvoker.invokeTestMethods(TestInvoker.java:203)
at org.testng.internal.invokers.TestMethodWorker.invokeTestMethods(TestMethodWorker.java:154)
at org.testng.internal.invokers.TestMethodWorker.run(TestMethodWorker.java:134)
at java.base/java.util.ArrayList.forEach(ArrayList.java:1511)
at org.testng.TestRunner.privateRun(TestRunner.java:739)
at org.testng.TestRunner.run(TestRunner.java:614)
at org.testng.SuiteRunner.runTest(SuiteRunner.java:421)
at org.testng.SuiteRunner.runSequentially(SuiteRunner.java:413)
at org.testng.SuiteRunner.privateRun(SuiteRunner.java:373)
at org.testng.SuiteRunner.run(SuiteRunner.java:312)
at org.testng.SuiteRunnerWorker.runSuite(SuiteRunnerWorker.java:52)
at org.testng.SuiteRunnerWorker.run(SuiteRunnerWorker.java:95)
at org.testng.TestNG.runSuitesSequentially(TestNG.java:1274)
at org.testng.TestNG.runSuitesLocally(TestNG.java:1208)
at org.testng.TestNG.runSuites(TestNG.java:1112)
at org.testng.TestNG.run(TestNG.java:1079)
at org.apache.maven.surefire.testng.TestNGExecutor.run(TestNGExecutor.java:155)
at org.apache.maven.surefire.testng.TestNGDirectoryTestSuite.executeMulti(TestNGDirectoryTestSuite.java:169)
at org.apache.maven.surefire.testng.TestNGDirectoryTestSuite.execute(TestNGDirectoryTestSuite.java:88)
at org.apache.maven.surefire.testng.TestNGProvider.invoke(TestNGProvider.java:137)
at org.apache.maven.surefire.booter.ForkedBooter.runSuitesInProcess(ForkedBooter.java:385)
at org.apache.maven.surefire.booter.ForkedBooter.execute(ForkedBooter.java:162)
at org.apache.maven.surefire.booter.ForkedBooter.run(ForkedBooter.java:507)
at org.apache.maven.surefire.booter.ForkedBooter.main(ForkedBooter.java:495)
]]>
            </full-stacktrace>
          </exception> <!-- java.lang.AssertionError -->
          <reporter-output>
          </reporter-output>
        </test-method> <!-- verifyEmptyCalculation -->
        <test-method is-config="true" signature="initPage()[pri:0, instance:testcases.NegativeScenariosTest@2c34f934]" started-at="2026-05-28T15:26:49 IST" name="initPage" finished-at="2026-05-28T15:26:49 IST" duration-ms="0" status="PASS">
          <reporter-output>
          </reporter-output>
        </test-method> <!-- initPage -->
        <test-method is-config="true" signature="tearDown()[pri:0, instance:testcases.NegativeScenariosTest@2c34f934]" started-at="2026-05-28T15:26:49 IST" name="tearDown" finished-at="2026-05-28T15:26:49 IST" duration-ms="82" status="PASS">
          <reporter-output>
          </reporter-output>
        </test-method> <!-- tearDown -->
        <test-method is-config="true" signature="setup()[pri:0, instance:testcases.NegativeScenariosTest@2c34f934]" started-at="2026-05-28T15:26:49 IST" name="setup" finished-at="2026-05-28T15:26:50 IST" duration-ms="620" status="PASS">
          <reporter-output>
          </reporter-output>
        </test-method> <!-- setup -->
        <test-method signature="verifyInvalidInput()[pri:0, instance:testcases.NegativeScenariosTest@2c34f934]" started-at="2026-05-28T15:26:50 IST" name="verifyInvalidInput" finished-at="2026-05-28T15:26:50 IST" duration-ms="14" status="FAIL">
          <exception class="java.lang.AssertionError">
            <message>
              <![CDATA[expected [true] but found [false]]]>
            </message>
            <full-stacktrace>
              <![CDATA[java.lang.AssertionError: expected [true] but found [false]
at org.testng.Assert.fail(Assert.java:111)
at org.testng.Assert.failNotEquals(Assert.java:1578)
at org.testng.Assert.assertTrue(Assert.java:57)
at org.testng.Assert.assertTrue(Assert.java:67)
at testcases.NegativeScenariosTest.verifyInvalidInput(NegativeScenariosTest.java:37)
at java.base/jdk.internal.reflect.NativeMethodAccessorImpl.invoke0(Native Method)
at java.base/jdk.internal.reflect.NativeMethodAccessorImpl.invoke(NativeMethodAccessorImpl.java:77)
at java.base/jdk.internal.reflect.DelegatingMethodAccessorImpl.invoke(DelegatingMethodAccessorImpl.java:43)
at java.base/java.lang.reflect.Method.invoke(Method.java:568)
at org.testng.internal.invokers.MethodInvocationHelper.invokeMethod(MethodInvocationHelper.java:141)
at org.testng.internal.invokers.TestInvoker.invokeMethod(TestInvoker.java:686)
at org.testng.internal.invokers.TestInvoker.invokeTestMethod(TestInvoker.java:230)
at org.testng.internal.invokers.MethodRunner.runInSequence(MethodRunner.java:63)
at org.testng.internal.invokers.TestInvoker$MethodInvocationAgent.invoke(TestInvoker.java:992)
at org.testng.internal.invokers.TestInvoker.invokeTestMethods(TestInvoker.java:203)
at org.testng.internal.invokers.TestMethodWorker.invokeTestMethods(TestMethodWorker.java:154)
at org.testng.internal.invokers.TestMethodWorker.run(TestMethodWorker.java:134)
at java.base/java.util.ArrayList.forEach(ArrayList.java:1511)
at org.testng.TestRunner.privateRun(TestRunner.java:739)
at org.testng.TestRunner.run(TestRunner.java:614)
at org.testng.SuiteRunner.runTest(SuiteRunner.java:421)
at org.testng.SuiteRunner.runSequentially(SuiteRunner.java:413)
at org.testng.SuiteRunner.privateRun(SuiteRunner.java:373)
at org.testng.SuiteRunner.run(SuiteRunner.java:312)
at org.testng.SuiteRunnerWorker.runSuite(SuiteRunnerWorker.java:52)
at org.testng.SuiteRunnerWorker.run(SuiteRunnerWorker.java:95)
at org.testng.TestNG.runSuitesSequentially(TestNG.java:1274)
at org.testng.TestNG.runSuitesLocally(TestNG.java:1208)
at org.testng.TestNG.runSuites(TestNG.java:1112)
at org.testng.TestNG.run(TestNG.java:1079)
at org.apache.maven.surefire.testng.TestNGExecutor.run(TestNGExecutor.java:155)
at org.apache.maven.surefire.testng.TestNGDirectoryTestSuite.executeMulti(TestNGDirectoryTestSuite.java:169)
at org.apache.maven.surefire.testng.TestNGDirectoryTestSuite.execute(TestNGDirectoryTestSuite.java:88)
at org.apache.maven.surefire.testng.TestNGProvider.invoke(TestNGProvider.java:137)
at org.apache.maven.surefire.booter.ForkedBooter.runSuitesInProcess(ForkedBooter.java:385)
at org.apache.maven.surefire.booter.ForkedBooter.execute(ForkedBooter.java:162)
at org.apache.maven.surefire.booter.ForkedBooter.run(ForkedBooter.java:507)
at org.apache.maven.surefire.booter.ForkedBooter.main(ForkedBooter.java:495)
]]>
            </full-stacktrace>
          </exception> <!-- java.lang.AssertionError -->
          <reporter-output>
          </reporter-output>
        </test-method> <!-- verifyInvalidInput -->
        <test-method is-config="true" signature="initPage()[pri:0, instance:testcases.NegativeScenariosTest@2c34f934]" started-at="2026-05-28T15:26:50 IST" name="initPage" finished-at="2026-05-28T15:26:50 IST" duration-ms="0" status="PASS">
          <reporter-output>
          </reporter-output>
        </test-method> <!-- initPage -->
        <test-method is-config="true" signature="tearDown()[pri:0, instance:testcases.NegativeScenariosTest@2c34f934]" started-at="2026-05-28T15:26:50 IST" name="tearDown" finished-at="2026-05-28T15:26:50 IST" duration-ms="81" status="PASS">
          <reporter-output>
          </reporter-output>
        </test-method> <!-- tearDown -->
        <test-method is-config="true" signature="setup()[pri:0, instance:testcases.NegativeScenariosTest@2c34f934]" started-at="2026-05-28T15:26:50 IST" name="setup" finished-at="2026-05-28T15:26:51 IST" duration-ms="771" status="PASS">
          <reporter-output>
          </reporter-output>
        </test-method> <!-- setup -->
        <test-method signature="verifyRepeatedOperators()[pri:0, instance:testcases.NegativeScenariosTest@2c34f934]" started-at="2026-05-28T15:26:51 IST" name="verifyRepeatedOperators" finished-at="2026-05-28T15:27:01 IST" duration-ms="10111" status="FAIL">
          <exception class="org.openqa.selenium.NoSuchElementException">
            <message>
              <![CDATA[no such element: Unable to locate element: {"method":"xpath","selector":"//button[normalize-space()='*']"}
  (Session info: chrome=148.0.7778.215)
For documentation on this error, please visit: https://www.selenium.dev/documentation/webdriver/troubleshooting/errors#no-such-element-exception
Build info: version: '4.22.0', revision: 'c5f3146703*'
System info: os.name: 'Mac OS X', os.arch: 'aarch64', os.version: '26.5', java.version: '17.0.14'
Driver info: org.openqa.selenium.chrome.ChromeDriver
Command: [2e883af6877cef615582f10fb48c4579, findElement {using=xpath, value=//button[normalize-space()='*']}]
Capabilities {acceptInsecureCerts: false, browserName: chrome, browserVersion: 148.0.7778.215, chrome: {chromedriverVersion: 148.0.7778.178 (d096af1c9e9..., userDataDir: /var/folders/1t/x2ksck2j26j...}, fedcm:accounts: true, goog:chromeOptions: {debuggerAddress: localhost:61661}, goog:processID: 23888, networkConnectionEnabled: false, pageLoadStrategy: normal, platformName: mac, proxy: Proxy(), se:cdp: ws://localhost:61661/devtoo..., se:cdpVersion: 148.0.7778.215, setWindowRect: true, strictFileInteractability: false, timeouts: {implicit: 0, pageLoad: 300000, script: 30000}, unhandledPromptBehavior: dismiss and notify, webauthn:extension:credBlob: true, webauthn:extension:largeBlob: true, webauthn:extension:minPinLength: true, webauthn:extension:prf: true, webauthn:virtualAuthenticators: true}
Session ID: 2e883af6877cef615582f10fb48c4579]]>
            </message>
            <full-stacktrace>
              <![CDATA[org.openqa.selenium.NoSuchElementException: no such element: Unable to locate element: {"method":"xpath","selector":"//button[normalize-space()='*']"}
  (Session info: chrome=148.0.7778.215)
For documentation on this error, please visit: https://www.selenium.dev/documentation/webdriver/troubleshooting/errors#no-such-element-exception
Build info: version: '4.22.0', revision: 'c5f3146703*'
System info: os.name: 'Mac OS X', os.arch: 'aarch64', os.version: '26.5', java.version: '17.0.14'
Driver info: org.openqa.selenium.chrome.ChromeDriver
Command: [2e883af6877cef615582f10fb48c4579, findElement {using=xpath, value=//button[normalize-space()='*']}]
Capabilities {acceptInsecureCerts: false, browserName: chrome, browserVersion: 148.0.7778.215, chrome: {chromedriverVersion: 148.0.7778.178 (d096af1c9e9..., userDataDir: /var/folders/1t/x2ksck2j26j...}, fedcm:accounts: true, goog:chromeOptions: {debuggerAddress: localhost:61661}, goog:processID: 23888, networkConnectionEnabled: false, pageLoadStrategy: normal, platformName: mac, proxy: Proxy(), se:cdp: ws://localhost:61661/devtoo..., se:cdpVersion: 148.0.7778.215, setWindowRect: true, strictFileInteractability: false, timeouts: {implicit: 0, pageLoad: 300000, script: 30000}, unhandledPromptBehavior: dismiss and notify, webauthn:extension:credBlob: true, webauthn:extension:largeBlob: true, webauthn:extension:minPinLength: true, webauthn:extension:prf: true, webauthn:virtualAuthenticators: true}
Session ID: 2e883af6877cef615582f10fb48c4579
at java.base/jdk.internal.reflect.NativeConstructorAccessorImpl.newInstance0(Native Method)
at java.base/jdk.internal.reflect.NativeConstructorAccessorImpl.newInstance(NativeConstructorAccessorImpl.java:77)
at java.base/jdk.internal.reflect.DelegatingConstructorAccessorImpl.newInstance(DelegatingConstructorAccessorImpl.java:45)
at java.base/java.lang.reflect.Constructor.newInstanceWithCaller(Constructor.java:499)
at java.base/java.lang.reflect.Constructor.newInstance(Constructor.java:480)
at org.openqa.selenium.remote.ErrorCodec.decode(ErrorCodec.java:167)
at org.openqa.selenium.remote.codec.w3c.W3CHttpResponseCodec.decode(W3CHttpResponseCodec.java:138)
at org.openqa.selenium.remote.codec.w3c.W3CHttpResponseCodec.decode(W3CHttpResponseCodec.java:50)
at org.openqa.selenium.remote.HttpCommandExecutor.execute(HttpCommandExecutor.java:190)
at org.openqa.selenium.remote.service.DriverCommandExecutor.invokeExecute(DriverCommandExecutor.java:216)
at org.openqa.selenium.remote.service.DriverCommandExecutor.execute(DriverCommandExecutor.java:174)
at org.openqa.selenium.remote.RemoteWebDriver.execute(RemoteWebDriver.java:518)
at org.openqa.selenium.remote.ElementLocation$ElementFinder$2.findElement(ElementLocation.java:165)
at org.openqa.selenium.remote.ElementLocation.findElement(ElementLocation.java:59)
at org.openqa.selenium.remote.RemoteWebDriver.findElement(RemoteWebDriver.java:355)
at org.openqa.selenium.remote.RemoteWebDriver.findElement(RemoteWebDriver.java:349)
at pages.CalculatorPage.clickButton(CalculatorPage.java:16)
at testcases.NegativeScenariosTest.verifyRepeatedOperators(NegativeScenariosTest.java:50)
at java.base/jdk.internal.reflect.NativeMethodAccessorImpl.invoke0(Native Method)
at java.base/jdk.internal.reflect.NativeMethodAccessorImpl.invoke(NativeMethodAccessorImpl.java:77)
at java.base/jdk.internal.reflect.DelegatingMethodAccessorImpl.invoke(DelegatingMethodAccessorImpl.java:43)
at java.base/java.lang.reflect.Method.invoke(Method.java:568)
at org.testng.internal.invokers.MethodInvocationHelper.invokeMethod(MethodInvocationHelper.java:141)
at org.testng.internal.invokers.TestInvoker.invokeMethod(TestInvoker.java:686)
at org.testng.internal.invokers.TestInvoker.invokeTestMethod(TestInvoker.java:230)
at org.testng.internal.invokers.MethodRunner.runInSequence(MethodRunner.java:63)
at org.testng.internal.invokers.TestInvoker$MethodInvocationAgent.invoke(TestInvoker.java:992)
at org.testng.internal.invokers.TestInvoker.invokeTestMethods(TestInvoker.java:203)
at org.testng.internal.invokers.TestMethodWorker.invokeTestMethods(TestMethodWorker.java:154)
at org.testng.internal.invokers.TestMethodWorker.run(TestMethodWorker.java:134)
at java.base/java.util.ArrayList.forEach(ArrayList.java:1511)
at org.testng.TestRunner.privateRun(TestRunner.java:739)
at org.testng.TestRunner.run(TestRunner.java:614)
at org.testng.SuiteRunner.runTest(SuiteRunner.java:421)
at org.testng.SuiteRunner.runSequentially(SuiteRunner.java:413)
at org.testng.SuiteRunner.privateRun(SuiteRunner.java:373)
at org.testng.SuiteRunner.run(SuiteRunner.java:312)
at org.testng.SuiteRunnerWorker.runSuite(SuiteRunnerWorker.java:52)
at org.testng.SuiteRunnerWorker.run(SuiteRunnerWorker.java:95)
at org.testng.TestNG.runSuitesSequentially(TestNG.java:1274)
at org.testng.TestNG.runSuitesLocally(TestNG.java:1208)
at org.testng.TestNG.runSuites(TestNG.java:1112)
at org.testng.TestNG.run(TestNG.java:1079)
at org.apache.maven.surefire.testng.TestNGExecutor.run(TestNGExecutor.java:155)
at org.apache.maven.surefire.testng.TestNGDirectoryTestSuite.executeMulti(TestNGDirectoryTestSuite.java:169)
at org.apache.maven.surefire.testng.TestNGDirectoryTestSuite.execute(TestNGDirectoryTestSuite.java:88)
at org.apache.maven.surefire.testng.TestNGProvider.invoke(TestNGProvider.java:137)
at org.apache.maven.surefire.booter.ForkedBooter.runSuitesInProcess(ForkedBooter.java:385)
at org.apache.maven.surefire.booter.ForkedBooter.execute(ForkedBooter.java:162)
at org.apache.maven.surefire.booter.ForkedBooter.run(ForkedBooter.java:507)
at org.apache.maven.surefire.booter.ForkedBooter.main(ForkedBooter.java:495)
]]>
            </full-stacktrace>
          </exception> <!-- org.openqa.selenium.NoSuchElementException -->
          <reporter-output>
          </reporter-output>
        </test-method> <!-- verifyRepeatedOperators -->
        <test-method is-config="true" signature="initPage()[pri:0, instance:testcases.NegativeScenariosTest@2c34f934]" started-at="2026-05-28T15:26:51 IST" name="initPage" finished-at="2026-05-28T15:26:51 IST" duration-ms="0" status="PASS">
          <reporter-output>
          </reporter-output>
        </test-method> <!-- initPage -->
        <test-method is-config="true" signature="tearDown()[pri:0, instance:testcases.NegativeScenariosTest@2c34f934]" started-at="2026-05-28T15:27:01 IST" name="tearDown" finished-at="2026-05-28T15:27:01 IST" duration-ms="88" status="PASS">
          <reporter-output>
          </reporter-output>
        </test-method> <!-- tearDown -->
      </class> <!-- testcases.NegativeScenariosTest -->
    </test> <!-- Surefire test -->
  </suite> <!-- Surefire suite -->
</testng-results>
