<?xml version="1.0" encoding="UTF-8"?>
<!-- Generated by org.testng.reporters.JUnitReportReporter -->
<testsuite hostname="Shaileshs-MacBook-Air.local" failures="0" tests="4" name="testcases.NegativeScenariosTest" time="69.364" errors="0" timestamp="2026-05-28T16:24:58 IST" skipped="0">
  <testcase classname="testcases.NegativeScenariosTest" name="verifyInvalidInput" time="12.243"/>
  <testcase classname="testcases.NegativeScenariosTest" name="verifyDivideByZero" time="34.705"/>
  <testcase classname="testcases.NegativeScenariosTest" name="verifyEmptyCalculation" time="11.278"/>
  <testcase classname="testcases.NegativeScenariosTest" name="verifyRepeatedOperators" time="11.138"/>
</testsuite> <!-- testcases.NegativeScenariosTest -->
