<?xml version="1.0" encoding="UTF-8"?>
<!-- Generated by org.testng.reporters.JUnitReportReporter -->
<testsuite hostname="Shaileshs-MacBook-Air.local" failures="0" tests="5" name="testcases.ScientificOperationsTest" time="54.885" errors="0" timestamp="2026-05-28T16:51:01 IST" skipped="0">
  <testcase classname="testcases.ScientificOperationsTest" name="verifySquareRootOperation" time="11.452"/>
  <testcase classname="testcases.ScientificOperationsTest" name="verifyCosOperation" time="10.181"/>
  <testcase classname="testcases.ScientificOperationsTest" name="verifyMemoryStoreAndRecallqq" time="10.215"/>
  <testcase classname="testcases.ScientificOperationsTest" name="verifyPercentageOperation" time="10.789"/>
  <testcase classname="testcases.ScientificOperationsTest" name="verifySinOperation" time="12.248"/>
</testsuite> <!-- testcases.ScientificOperationsTest -->
