<?xml version="1.0" encoding="UTF-8"?>
<!-- Generated by org.testng.reporters.JUnitReportReporter -->
<testsuite hostname="Shaileshs-MacBook-Air.local" failures="0" tests="2" name="testcases.BasicOperationsTest" time="67.353" errors="0" timestamp="2026-05-28T19:59:11 IST" skipped="0">
  <testcase classname="testcases.BasicOperationsTest" name="verifyAddition" time="34.136"/>
  <testcase classname="testcases.BasicOperationsTest" name="verifySubtraction" time="33.217"/>
</testsuite> <!-- testcases.BasicOperationsTest -->
