<?xml version="1.0" encoding="UTF-8"?>
<!-- Generated by org.testng.reporters.JUnitReportReporter -->
<testsuite hostname="Shaileshs-MacBook-Air.local" failures="0" tests="5" name="testcases.ScientificOperationsTest" time="63.705" errors="0" timestamp="2026-05-29T00:47:16 IST" skipped="0">
  <testcase classname="testcases.ScientificOperationsTest" name="verifyPercentageOperation" time="12.299"/>
  <testcase classname="testcases.ScientificOperationsTest" name="verifySquareRootOperation" time="12.605"/>
  <testcase classname="testcases.ScientificOperationsTest" name="verifyMemoryStoreAndRecallqq" time="10.788"/>
  <testcase classname="testcases.ScientificOperationsTest" name="verifyCosOperation" time="11.656"/>
  <testcase classname="testcases.ScientificOperationsTest" name="verifySinOperation" time="16.357"/>
</testsuite> <!-- testcases.ScientificOperationsTest -->
