<?xml version="1.0" encoding="UTF-8"?>
<!-- Generated by org.testng.reporters.JUnitReportReporter -->
<testsuite hostname="Shaileshs-MacBook-Air.local" failures="0" tests="6" name="testcases.BoundaryValueTest" time="118.711" errors="0" timestamp="2026-05-29T00:47:16 IST" skipped="0">
  <testcase classname="testcases.BoundaryValueTest" name="verifyRapidButtonClickingOnNonNumber" time="12.014"/>
  <testcase classname="testcases.BoundaryValueTest" name="verifyLargeNumberCalculation" time="25.129"/>
  <testcase classname="testcases.BoundaryValueTest" name="verifyRapidButtonClickingOnNumber" time="16.472"/>
  <testcase classname="testcases.BoundaryValueTest" name="verifyConsecutiveDecimalPoints" time="21.025"/>
  <testcase classname="testcases.BoundaryValueTest" name="verifyRapidButtonClickingOnNoOperator" time="10.294"/>
  <testcase classname="testcases.BoundaryValueTest" name="verifyFloatingPointPrecision" time="33.777"/>
</testsuite> <!-- testcases.BoundaryValueTest -->
