<?xml version="1.0" encoding="UTF-8"?>
<!-- Generated by org.testng.reporters.JUnitReportReporter -->
<testsuite hostname="Shaileshs-MacBook-Air.local" failures="0" tests="4" name="testcases.NegativeScenariosTest" time="64.653" errors="0" timestamp="2026-05-29T00:47:16 IST" skipped="0">
  <testcase classname="testcases.NegativeScenariosTest" name="verifyInvalidInput" time="10.015"/>
  <testcase classname="testcases.NegativeScenariosTest" name="verifyDivideByZero" time="24.277"/>
  <testcase classname="testcases.NegativeScenariosTest" name="verifyEmptyCalculation" time="14.503"/>
  <testcase classname="testcases.NegativeScenariosTest" name="verifyRepeatedOperators" time="15.858"/>
</testsuite> <!-- testcases.NegativeScenariosTest -->
